This file contains any messages produced by compilers while
running configure, to aid debugging if configure makes a mistake.

It was created by axel configure 2.17.10, which was
generated by GNU Autoconf 2.69.  Invocation command line was

  $ ./configure 

## --------- ##
## Platform. ##
## --------- ##

hostname = artix
uname -m = x86_64
uname -r = 5.14.14-artix1-1
uname -s = Linux
uname -v = #1 SMP PREEMPT Thu, 21 Oct 2021 13:26:57 +0000

/usr/bin/uname -p = unknown
/bin/uname -X     = unknown

/bin/arch              = unknown
/usr/bin/arch -k       = unknown
/usr/convex/getsysinfo = unknown
/usr/bin/hostinfo      = unknown
/bin/machine           = unknown
/usr/bin/oslevel       = unknown
/bin/universe          = unknown

PATH: /usr/local/sbin
PATH: /usr/local/bin
PATH: /usr/bin
PATH: /usr/bin/site_perl
PATH: /usr/bin/vendor_perl
PATH: /usr/bin/core_perl


## ----------- ##
## Core tests. ##
## ----------- ##

configure:2476: checking for a BSD-compatible install
configure:2544: result: /usr/bin/install -c
configure:2555: checking whether build environment is sane
configure:2610: result: yes
configure:2761: checking for a thread-safe mkdir -p
configure:2800: result: /usr/bin/mkdir -p
configure:2807: checking for gawk
configure:2823: found /usr/bin/gawk
configure:2834: result: gawk
configure:2845: checking whether make sets $(MAKE)
configure:2867: result: yes
configure:2896: checking whether make supports nested variables
configure:2913: result: yes
configure:3093: checking for pkg-config
configure:3111: found /usr/bin/pkg-config
configure:3123: result: /usr/bin/pkg-config
configure:3148: checking pkg-config is at least version 0.9.0
configure:3151: result: yes
configure:3171: checking whether make supports nested variables
configure:3188: result: yes
configure:3205: checking build system type
configure:3219: result: x86_64-pc-linux-gnu
configure:3239: checking host system type
configure:3252: result: x86_64-pc-linux-gnu
configure:3311: checking whether make supports the include directive
configure:3326: make -f confmf.GNU && cat confinc.out
this is the am__doit target
configure:3329: $? = 0
configure:3348: result: yes (GNU style)
configure:3418: checking for gcc
configure:3434: found /usr/bin/gcc
configure:3445: result: gcc
configure:3674: checking for C compiler version
configure:3683: gcc --version >&5
gcc (GCC) 11.1.0
Copyright (C) 2021 Free Software Foundation, Inc.
This is free software; see the source for copying conditions.  There is NO
warranty; not even for MERCHANTABILITY or FITNESS FOR A PARTICULAR PURPOSE.

configure:3694: $? = 0
configure:3683: gcc -v >&5
Using built-in specs.
COLLECT_GCC=gcc
COLLECT_LTO_WRAPPER=/usr/lib/gcc/x86_64-pc-linux-gnu/11.1.0/lto-wrapper
Target: x86_64-pc-linux-gnu
Configured with: /build/gcc/src/gcc/configure --prefix=/usr --libdir=/usr/lib --libexecdir=/usr/lib --mandir=/usr/share/man --infodir=/usr/share/info --with-bugurl=https://bugs.archlinux.org/ --enable-languages=c,c++,ada,fortran,go,lto,objc,obj-c++,d --with-isl --with-linker-hash-style=gnu --with-system-zlib --enable-__cxa_atexit --enable-cet=auto --enable-checking=release --enable-clocale=gnu --enable-default-pie --enable-default-ssp --enable-gnu-indirect-function --enable-gnu-unique-object --enable-install-libiberty --enable-linker-build-id --enable-lto --enable-multilib --enable-plugin --enable-shared --enable-threads=posix --disable-libssp --disable-libstdcxx-pch --disable-libunwind-exceptions --disable-werror gdc_include_dir=/usr/include/dlang/gdc
Thread model: posix
Supported LTO compression algorithms: zlib zstd
gcc version 11.1.0 (GCC) 
configure:3694: $? = 0
configure:3683: gcc -V >&5
gcc: error: unrecognized command-line option '-V'
gcc: fatal error: no input files
compilation terminated.
configure:3694: $? = 1
configure:3683: gcc -qversion >&5
gcc: error: unrecognized command-line option '-qversion'; did you mean '--version'?
gcc: fatal error: no input files
compilation terminated.
configure:3694: $? = 1
configure:3714: checking whether the C compiler works
configure:3736: gcc    conftest.c  >&5
configure:3740: $? = 0
configure:3788: result: yes
configure:3791: checking for C compiler default output file name
configure:3793: result: a.out
configure:3799: checking for suffix of executables
configure:3806: gcc -o conftest    conftest.c  >&5
configure:3810: $? = 0
configure:3832: result: 
configure:3854: checking whether we are cross compiling
configure:3862: gcc -o conftest    conftest.c  >&5
configure:3866: $? = 0
configure:3873: ./conftest
configure:3877: $? = 0
configure:3892: result: no
configure:3897: checking for suffix of object files
configure:3919: gcc -c   conftest.c >&5
configure:3923: $? = 0
configure:3944: result: o
configure:3948: checking whether we are using the GNU C compiler
configure:3967: gcc -c   conftest.c >&5
configure:3967: $? = 0
configure:3976: result: yes
configure:3985: checking whether gcc accepts -g
configure:4005: gcc -c -g  conftest.c >&5
configure:4005: $? = 0
configure:4046: result: yes
configure:4063: checking for gcc option to accept ISO C89
configure:4126: gcc  -c -g -O2  conftest.c >&5
configure:4126: $? = 0
configure:4139: result: none needed
configure:4164: checking whether gcc understands -c and -o together
configure:4186: gcc -c conftest.c -o conftest2.o
configure:4189: $? = 0
configure:4186: gcc -c conftest.c -o conftest2.o
configure:4189: $? = 0
configure:4201: result: yes
configure:4220: checking dependency style of gcc
configure:4331: result: gcc3
configure:4352: checking how to run the C preprocessor
configure:4383: gcc -E  conftest.c
configure:4383: $? = 0
configure:4397: gcc -E  conftest.c
conftest.c:12:10: fatal error: ac_nonexistent.h: No such file or directory
   12 | #include <ac_nonexistent.h>
      |          ^~~~~~~~~~~~~~~~~~
compilation terminated.
configure:4397: $? = 1
configure: failed program was:
| /* confdefs.h */
| #define PACKAGE_NAME "axel"
| #define PACKAGE_TARNAME "axel"
| #define PACKAGE_VERSION "2.17.10"
| #define PACKAGE_STRING "axel 2.17.10"
| #define PACKAGE_BUGREPORT "https://github.com/axel-download-accelerator/axel/issues"
| #define PACKAGE_URL ""
| #define PACKAGE "axel"
| #define VERSION "2.17.10"
| #define ARCH "linux-gnu"
| /* end confdefs.h.  */
| #include <ac_nonexistent.h>
configure:4422: result: gcc -E
configure:4442: gcc -E  conftest.c
configure:4442: $? = 0
configure:4456: gcc -E  conftest.c
conftest.c:12:10: fatal error: ac_nonexistent.h: No such file or directory
   12 | #include <ac_nonexistent.h>
      |          ^~~~~~~~~~~~~~~~~~
compilation terminated.
configure:4456: $? = 1
configure: failed program was:
| /* confdefs.h */
| #define PACKAGE_NAME "axel"
| #define PACKAGE_TARNAME "axel"
| #define PACKAGE_VERSION "2.17.10"
| #define PACKAGE_STRING "axel 2.17.10"
| #define PACKAGE_BUGREPORT "https://github.com/axel-download-accelerator/axel/issues"
| #define PACKAGE_URL ""
| #define PACKAGE "axel"
| #define VERSION "2.17.10"
| #define ARCH "linux-gnu"
| /* end confdefs.h.  */
| #include <ac_nonexistent.h>
configure:4485: checking for grep that handles long lines and -e
configure:4543: result: /usr/bin/grep
configure:4548: checking for egrep
configure:4610: result: /usr/bin/grep -E
configure:4615: checking for ANSI C header files
configure:4635: gcc -c -g -O2  conftest.c >&5
configure:4635: $? = 0
configure:4708: gcc -o conftest -g -O2   conftest.c  >&5
configure:4708: $? = 0
configure:4708: ./conftest
configure:4708: $? = 0
configure:4719: result: yes
configure:4732: checking for sys/types.h
configure:4732: gcc -c -g -O2  conftest.c >&5
configure:4732: $? = 0
configure:4732: result: yes
configure:4732: checking for sys/stat.h
configure:4732: gcc -c -g -O2  conftest.c >&5
configure:4732: $? = 0
configure:4732: result: yes
configure:4732: checking for stdlib.h
configure:4732: gcc -c -g -O2  conftest.c >&5
configure:4732: $? = 0
configure:4732: result: yes
configure:4732: checking for string.h
configure:4732: gcc -c -g -O2  conftest.c >&5
configure:4732: $? = 0
configure:4732: result: yes
configure:4732: checking for memory.h
configure:4732: gcc -c -g -O2  conftest.c >&5
configure:4732: $? = 0
configure:4732: result: yes
configure:4732: checking for strings.h
configure:4732: gcc -c -g -O2  conftest.c >&5
configure:4732: $? = 0
configure:4732: result: yes
configure:4732: checking for inttypes.h
configure:4732: gcc -c -g -O2  conftest.c >&5
configure:4732: $? = 0
configure:4732: result: yes
configure:4732: checking for stdint.h
configure:4732: gcc -c -g -O2  conftest.c >&5
configure:4732: $? = 0
configure:4732: result: yes
configure:4732: checking for unistd.h
configure:4732: gcc -c -g -O2  conftest.c >&5
configure:4732: $? = 0
configure:4732: result: yes
configure:4745: checking minix/config.h usability
configure:4745: gcc -c -g -O2  conftest.c >&5
conftest.c:55:10: fatal error: minix/config.h: No such file or directory
   55 | #include <minix/config.h>
      |          ^~~~~~~~~~~~~~~~
compilation terminated.
configure:4745: $? = 1
configure: failed program was:
| /* confdefs.h */
| #define PACKAGE_NAME "axel"
| #define PACKAGE_TARNAME "axel"
| #define PACKAGE_VERSION "2.17.10"
| #define PACKAGE_STRING "axel 2.17.10"
| #define PACKAGE_BUGREPORT "https://github.com/axel-download-accelerator/axel/issues"
| #define PACKAGE_URL ""
| #define PACKAGE "axel"
| #define VERSION "2.17.10"
| #define ARCH "linux-gnu"
| #define STDC_HEADERS 1
| #define HAVE_SYS_TYPES_H 1
| #define HAVE_SYS_STAT_H 1
| #define HAVE_STDLIB_H 1
| #define HAVE_STRING_H 1
| #define HAVE_MEMORY_H 1
| #define HAVE_STRINGS_H 1
| #define HAVE_INTTYPES_H 1
| #define HAVE_STDINT_H 1
| #define HAVE_UNISTD_H 1
| /* end confdefs.h.  */
| #include <stdio.h>
| #ifdef HAVE_SYS_TYPES_H
| # include <sys/types.h>
| #endif
| #ifdef HAVE_SYS_STAT_H
| # include <sys/stat.h>
| #endif
| #ifdef STDC_HEADERS
| # include <stdlib.h>
| # include <stddef.h>
| #else
| # ifdef HAVE_STDLIB_H
| #  include <stdlib.h>
| # endif
| #endif
| #ifdef HAVE_STRING_H
| # if !defined STDC_HEADERS && defined HAVE_MEMORY_H
| #  include <memory.h>
| # endif
| # include <string.h>
| #endif
| #ifdef HAVE_STRINGS_H
| # include <strings.h>
| #endif
| #ifdef HAVE_INTTYPES_H
| # include <inttypes.h>
| #endif
| #ifdef HAVE_STDINT_H
| # include <stdint.h>
| #endif
| #ifdef HAVE_UNISTD_H
| # include <unistd.h>
| #endif
| #include <minix/config.h>
configure:4745: result: no
configure:4745: checking minix/config.h presence
configure:4745: gcc -E  conftest.c
conftest.c:22:10: fatal error: minix/config.h: No such file or directory
   22 | #include <minix/config.h>
      |          ^~~~~~~~~~~~~~~~
compilation terminated.
configure:4745: $? = 1
configure: failed program was:
| /* confdefs.h */
| #define PACKAGE_NAME "axel"
| #define PACKAGE_TARNAME "axel"
| #define PACKAGE_VERSION "2.17.10"
| #define PACKAGE_STRING "axel 2.17.10"
| #define PACKAGE_BUGREPORT "https://github.com/axel-download-accelerator/axel/issues"
| #define PACKAGE_URL ""
| #define PACKAGE "axel"
| #define VERSION "2.17.10"
| #define ARCH "linux-gnu"
| #define STDC_HEADERS 1
| #define HAVE_SYS_TYPES_H 1
| #define HAVE_SYS_STAT_H 1
| #define HAVE_STDLIB_H 1
| #define HAVE_STRING_H 1
| #define HAVE_MEMORY_H 1
| #define HAVE_STRINGS_H 1
| #define HAVE_INTTYPES_H 1
| #define HAVE_STDINT_H 1
| #define HAVE_UNISTD_H 1
| /* end confdefs.h.  */
| #include <minix/config.h>
configure:4745: result: no
configure:4745: checking for minix/config.h
configure:4745: result: no
configure:4766: checking whether it is safe to define __EXTENSIONS__
configure:4784: gcc -c -g -O2  conftest.c >&5
configure:4784: $? = 0
configure:4791: result: yes
configure:4855: checking for gcc
configure:4882: result: gcc
configure:5111: checking for C compiler version
configure:5120: gcc --version >&5
gcc (GCC) 11.1.0
Copyright (C) 2021 Free Software Foundation, Inc.
This is free software; see the source for copying conditions.  There is NO
warranty; not even for MERCHANTABILITY or FITNESS FOR A PARTICULAR PURPOSE.

configure:5131: $? = 0
configure:5120: gcc -v >&5
Using built-in specs.
COLLECT_GCC=gcc
COLLECT_LTO_WRAPPER=/usr/lib/gcc/x86_64-pc-linux-gnu/11.1.0/lto-wrapper
Target: x86_64-pc-linux-gnu
Configured with: /build/gcc/src/gcc/configure --prefix=/usr --libdir=/usr/lib --libexecdir=/usr/lib --mandir=/usr/share/man --infodir=/usr/share/info --with-bugurl=https://bugs.archlinux.org/ --enable-languages=c,c++,ada,fortran,go,lto,objc,obj-c++,d --with-isl --with-linker-hash-style=gnu --with-system-zlib --enable-__cxa_atexit --enable-cet=auto --enable-checking=release --enable-clocale=gnu --enable-default-pie --enable-default-ssp --enable-gnu-indirect-function --enable-gnu-unique-object --enable-install-libiberty --enable-linker-build-id --enable-lto --enable-multilib --enable-plugin --enable-shared --enable-threads=posix --disable-libssp --disable-libstdcxx-pch --disable-libunwind-exceptions --disable-werror gdc_include_dir=/usr/include/dlang/gdc
Thread model: posix
Supported LTO compression algorithms: zlib zstd
gcc version 11.1.0 (GCC) 
configure:5131: $? = 0
configure:5120: gcc -V >&5
gcc: error: unrecognized command-line option '-V'
gcc: fatal error: no input files
compilation terminated.
configure:5131: $? = 1
configure:5120: gcc -qversion >&5
gcc: error: unrecognized command-line option '-qversion'; did you mean '--version'?
gcc: fatal error: no input files
compilation terminated.
configure:5131: $? = 1
configure:5135: checking whether we are using the GNU C compiler
configure:5163: result: yes
configure:5172: checking whether gcc accepts -g
configure:5233: result: yes
configure:5250: checking for gcc option to accept ISO C89
configure:5326: result: none needed
configure:5351: checking whether gcc understands -c and -o together
configure:5388: result: yes
configure:5407: checking dependency style of gcc
configure:5518: result: gcc3
configure:5533: checking for gcc option to accept ISO C99
configure:5682: gcc  -c -g -O2  conftest.c >&5
configure:5682: $? = 0
configure:5695: result: none needed
configure:5724: checking for special C compiler options needed for large files
configure:5769: result: no
configure:5775: checking for _FILE_OFFSET_BITS value needed for large files
configure:5800: gcc -c -g -O2  conftest.c >&5
configure:5800: $? = 0
configure:5832: result: no
configure:5931: checking for a sed that does not truncate output
configure:5995: result: /usr/bin/sed
configure:6077: gcc -c -g -O2  conftest.c >&5
conftest.c:29:9: error: #error "no C++"
   29 |        #error "no C++"
      |         ^~~~~
configure:6077: $? = 1
configure: failed program was:
| /* confdefs.h */
| #define PACKAGE_NAME "axel"
| #define PACKAGE_TARNAME "axel"
| #define PACKAGE_VERSION "2.17.10"
| #define PACKAGE_STRING "axel 2.17.10"
| #define PACKAGE_BUGREPORT "https://github.com/axel-download-accelerator/axel/issues"
| #define PACKAGE_URL ""
| #define PACKAGE "axel"
| #define VERSION "2.17.10"
| #define ARCH "linux-gnu"
| #define STDC_HEADERS 1
| #define HAVE_SYS_TYPES_H 1
| #define HAVE_SYS_STAT_H 1
| #define HAVE_STDLIB_H 1
| #define HAVE_STRING_H 1
| #define HAVE_MEMORY_H 1
| #define HAVE_STRINGS_H 1
| #define HAVE_INTTYPES_H 1
| #define HAVE_STDINT_H 1
| #define HAVE_UNISTD_H 1
| #define __EXTENSIONS__ 1
| #define _ALL_SOURCE 1
| #define _GNU_SOURCE 1
| #define _POSIX_PTHREAD_SEMANTICS 1
| #define _TANDEM_SOURCE 1
| /* end confdefs.h.  */
| 
|       #ifndef __cplusplus
|        #error "no C++"
|        #endif
| int
| main ()
| {
| 
|   ;
|   return 0;
| }
configure:6089: checking whether C compiler accepts -Werror=unknown-warning-option
configure:6108: gcc -c -g -O2  -Werror=unknown-warning-option  conftest.c >&5
cc1: error: '-Werror=unknown-warning-option': no option '-Wunknown-warning-option'
configure:6108: $? = 1
configure: failed program was:
| /* confdefs.h */
| #define PACKAGE_NAME "axel"
| #define PACKAGE_TARNAME "axel"
| #define PACKAGE_VERSION "2.17.10"
| #define PACKAGE_STRING "axel 2.17.10"
| #define PACKAGE_BUGREPORT "https://github.com/axel-download-accelerator/axel/issues"
| #define PACKAGE_URL ""
| #define PACKAGE "axel"
| #define VERSION "2.17.10"
| #define ARCH "linux-gnu"
| #define STDC_HEADERS 1
| #define HAVE_SYS_TYPES_H 1
| #define HAVE_SYS_STAT_H 1
| #define HAVE_STDLIB_H 1
| #define HAVE_STRING_H 1
| #define HAVE_MEMORY_H 1
| #define HAVE_STRINGS_H 1
| #define HAVE_INTTYPES_H 1
| #define HAVE_STDINT_H 1
| #define HAVE_UNISTD_H 1
| #define __EXTENSIONS__ 1
| #define _ALL_SOURCE 1
| #define _GNU_SOURCE 1
| #define _POSIX_PTHREAD_SEMANTICS 1
| #define _TANDEM_SOURCE 1
| /* end confdefs.h.  */
| 
| int
| main ()
| {
| 
|   ;
|   return 0;
| }
configure:6116: result: no
configure:6130: checking whether C compiler accepts -Wno-suggest-attribute=format
configure:6149: gcc -c -g -O2  -Wno-suggest-attribute=format  conftest.c >&5
configure:6149: $? = 0
configure:6157: result: yes
configure:6177: checking whether C compiler accepts -fno-strict-aliasing
configure:6196: gcc -c -g -O2  -fno-strict-aliasing  conftest.c >&5
configure:6196: $? = 0
configure:6205: result: yes
configure:6232: : WARN_CFLAGS="$WARN_CFLAGS"
configure:6235: $? = 0
configure:6257: checking whether C compiler accepts -Wnested-externs
configure:6276: gcc -c -g -O2  -Wnested-externs  conftest.c >&5
configure:6276: $? = 0
configure:6285: result: yes
configure:6301: : WARN_CFLAGS="$WARN_CFLAGS"
configure:6304: $? = 0
configure:6257: checking whether C compiler accepts -Wmissing-prototypes
configure:6276: gcc -c -g -O2  -Wmissing-prototypes  conftest.c >&5
configure:6276: $? = 0
configure:6285: result: yes
configure:6301: : WARN_CFLAGS="$WARN_CFLAGS"
configure:6304: $? = 0
configure:6257: checking whether C compiler accepts -Wstrict-prototypes
configure:6276: gcc -c -g -O2  -Wstrict-prototypes  conftest.c >&5
conftest.c:29:1: warning: function declaration isn't a prototype [-Wstrict-prototypes]
   29 | main ()
      | ^~~~
configure:6276: $? = 0
configure:6285: result: yes
configure:6301: : WARN_CFLAGS="$WARN_CFLAGS"
configure:6304: $? = 0
configure:6257: checking whether C compiler accepts -Wdeclaration-after-statement
configure:6276: gcc -c -g -O2  -Wdeclaration-after-statement  conftest.c >&5
configure:6276: $? = 0
configure:6285: result: yes
configure:6301: : WARN_CFLAGS="$WARN_CFLAGS"
configure:6304: $? = 0
configure:6257: checking whether C compiler accepts -Wimplicit-function-declaration
configure:6276: gcc -c -g -O2  -Wimplicit-function-declaration  conftest.c >&5
configure:6276: $? = 0
configure:6285: result: yes
configure:6301: : WARN_CFLAGS="$WARN_CFLAGS"
configure:6304: $? = 0
configure:6257: checking whether C compiler accepts -Wold-style-definition
configure:6276: gcc -c -g -O2  -Wold-style-definition  conftest.c >&5
conftest.c: In function 'main':
conftest.c:29:1: warning: old-style function definition [-Wold-style-definition]
   29 | main ()
      | ^~~~
configure:6276: $? = 0
configure:6285: result: yes
configure:6301: : WARN_CFLAGS="$WARN_CFLAGS"
configure:6304: $? = 0
configure:6257: checking whether C compiler accepts -Wjump-misses-init
configure:6276: gcc -c -g -O2  -Wjump-misses-init  conftest.c >&5
configure:6276: $? = 0
configure:6285: result: yes
configure:6301: : WARN_CFLAGS="$WARN_CFLAGS"
configure:6304: $? = 0
configure:6335: checking whether C compiler accepts -Wall
configure:6354: gcc -c -g -O2  -Wall  conftest.c >&5
configure:6354: $? = 0
configure:6363: result: yes
configure:6379: : WARN_CFLAGS="$WARN_CFLAGS"
configure:6382: $? = 0
configure:6335: checking whether C compiler accepts -Wextra
configure:6354: gcc -c -g -O2  -Wextra  conftest.c >&5
configure:6354: $? = 0
configure:6363: result: yes
configure:6379: : WARN_CFLAGS="$WARN_CFLAGS"
configure:6382: $? = 0
configure:6335: checking whether C compiler accepts -Wundef
configure:6354: gcc -c -g -O2  -Wundef  conftest.c >&5
configure:6354: $? = 0
configure:6363: result: yes
configure:6379: : WARN_CFLAGS="$WARN_CFLAGS"
configure:6382: $? = 0
configure:6335: checking whether C compiler accepts -Wwrite-strings
configure:6354: gcc -c -g -O2  -Wwrite-strings  conftest.c >&5
configure:6354: $? = 0
configure:6363: result: yes
configure:6379: : WARN_CFLAGS="$WARN_CFLAGS"
configure:6382: $? = 0
configure:6335: checking whether C compiler accepts -Wpointer-arith
configure:6354: gcc -c -g -O2  -Wpointer-arith  conftest.c >&5
configure:6354: $? = 0
configure:6363: result: yes
configure:6379: : WARN_CFLAGS="$WARN_CFLAGS"
configure:6382: $? = 0
configure:6335: checking whether C compiler accepts -Wmissing-declarations
configure:6354: gcc -c -g -O2  -Wmissing-declarations  conftest.c >&5
configure:6354: $? = 0
configure:6363: result: yes
configure:6379: : WARN_CFLAGS="$WARN_CFLAGS"
configure:6382: $? = 0
configure:6335: checking whether C compiler accepts -Wredundant-decls
configure:6354: gcc -c -g -O2  -Wredundant-decls  conftest.c >&5
configure:6354: $? = 0
configure:6363: result: yes
configure:6379: : WARN_CFLAGS="$WARN_CFLAGS"
configure:6382: $? = 0
configure:6335: checking whether C compiler accepts -Wno-unused-parameter
configure:6354: gcc -c -g -O2  -Wno-unused-parameter  conftest.c >&5
configure:6354: $? = 0
configure:6363: result: yes
configure:6379: : WARN_CFLAGS="$WARN_CFLAGS"
configure:6382: $? = 0
configure:6335: checking whether C compiler accepts -Wno-missing-field-initializers
configure:6354: gcc -c -g -O2  -Wno-missing-field-initializers  conftest.c >&5
configure:6354: $? = 0
configure:6363: result: yes
configure:6379: : WARN_CFLAGS="$WARN_CFLAGS"
configure:6382: $? = 0
configure:6335: checking whether C compiler accepts -Wformat=2
configure:6354: gcc -c -g -O2  -Wformat=2  conftest.c >&5
configure:6354: $? = 0
configure:6363: result: yes
configure:6379: : WARN_CFLAGS="$WARN_CFLAGS"
configure:6382: $? = 0
configure:6335: checking whether C compiler accepts -Wcast-align
configure:6354: gcc -c -g -O2  -Wcast-align  conftest.c >&5
configure:6354: $? = 0
configure:6363: result: yes
configure:6379: : WARN_CFLAGS="$WARN_CFLAGS"
configure:6382: $? = 0
configure:6335: checking whether C compiler accepts -Wformat-nonliteral
configure:6354: gcc -c -g -O2  -Wformat-nonliteral  conftest.c >&5
cc1: warning: '-Wformat-nonliteral' ignored without '-Wformat' [-Wformat-nonliteral]
configure:6354: $? = 0
configure:6363: result: yes
configure:6379: : WARN_CFLAGS="$WARN_CFLAGS"
configure:6382: $? = 0
configure:6335: checking whether C compiler accepts -Wformat-security
configure:6354: gcc -c -g -O2  -Wformat-security  conftest.c >&5
cc1: warning: '-Wformat-security' ignored without '-Wformat' [-Wformat-security]
configure:6354: $? = 0
configure:6363: result: yes
configure:6379: : WARN_CFLAGS="$WARN_CFLAGS"
configure:6382: $? = 0
configure:6335: checking whether C compiler accepts -Wsign-compare
configure:6354: gcc -c -g -O2  -Wsign-compare  conftest.c >&5
configure:6354: $? = 0
configure:6363: result: yes
configure:6379: : WARN_CFLAGS="$WARN_CFLAGS"
configure:6382: $? = 0
configure:6335: checking whether C compiler accepts -Wstrict-aliasing
configure:6354: gcc -c -g -O2  -Wstrict-aliasing  conftest.c >&5
configure:6354: $? = 0
configure:6363: result: yes
configure:6379: : WARN_CFLAGS="$WARN_CFLAGS"
configure:6382: $? = 0
configure:6335: checking whether C compiler accepts -Wshadow
configure:6354: gcc -c -g -O2  -Wshadow  conftest.c >&5
configure:6354: $? = 0
configure:6363: result: yes
configure:6379: : WARN_CFLAGS="$WARN_CFLAGS"
configure:6382: $? = 0
configure:6335: checking whether C compiler accepts -Winline
configure:6354: gcc -c -g -O2  -Winline  conftest.c >&5
configure:6354: $? = 0
configure:6363: result: yes
configure:6379: : WARN_CFLAGS="$WARN_CFLAGS"
configure:6382: $? = 0
configure:6335: checking whether C compiler accepts -Wpacked
configure:6354: gcc -c -g -O2  -Wpacked  conftest.c >&5
configure:6354: $? = 0
configure:6363: result: yes
configure:6379: : WARN_CFLAGS="$WARN_CFLAGS"
configure:6382: $? = 0
configure:6335: checking whether C compiler accepts -Wmissing-format-attribute
configure:6354: gcc -c -g -O2  -Wmissing-format-attribute  conftest.c >&5
configure:6354: $? = 0
configure:6363: result: yes
configure:6379: : WARN_CFLAGS="$WARN_CFLAGS"
configure:6382: $? = 0
configure:6335: checking whether C compiler accepts -Wmissing-noreturn
configure:6354: gcc -c -g -O2  -Wmissing-noreturn  conftest.c >&5
configure:6354: $? = 0
configure:6363: result: yes
configure:6379: : WARN_CFLAGS="$WARN_CFLAGS"
configure:6382: $? = 0
configure:6335: checking whether C compiler accepts -Winit-self
configure:6354: gcc -c -g -O2  -Winit-self  conftest.c >&5
configure:6354: $? = 0
configure:6363: result: yes
configure:6379: : WARN_CFLAGS="$WARN_CFLAGS"
configure:6382: $? = 0
configure:6335: checking whether C compiler accepts -Wredundant-decls
configure:6363: result: yes
configure:6371: : WARN_CFLAGS already contains $flag
configure:6374: $? = 0
configure:6335: checking whether C compiler accepts -Wmissing-include-dirs
configure:6354: gcc -c -g -O2  -Wmissing-include-dirs  conftest.c >&5
configure:6354: $? = 0
configure:6363: result: yes
configure:6379: : WARN_CFLAGS="$WARN_CFLAGS"
configure:6382: $? = 0
configure:6335: checking whether C compiler accepts -Wunused-but-set-variable
configure:6354: gcc -c -g -O2  -Wunused-but-set-variable  conftest.c >&5
configure:6354: $? = 0
configure:6363: result: yes
configure:6379: : WARN_CFLAGS="$WARN_CFLAGS"
configure:6382: $? = 0
configure:6335: checking whether C compiler accepts -Warray-bounds
configure:6354: gcc -c -g -O2  -Warray-bounds  conftest.c >&5
configure:6354: $? = 0
configure:6363: result: yes
configure:6379: : WARN_CFLAGS="$WARN_CFLAGS"
configure:6382: $? = 0
configure:6335: checking whether C compiler accepts -Wreturn-type
configure:6354: gcc -c -g -O2  -Wreturn-type  conftest.c >&5
configure:6354: $? = 0
configure:6363: result: yes
configure:6379: : WARN_CFLAGS="$WARN_CFLAGS"
configure:6382: $? = 0
configure:6335: checking whether C compiler accepts -Wswitch-enum
configure:6354: gcc -c -g -O2  -Wswitch-enum  conftest.c >&5
configure:6354: $? = 0
configure:6363: result: yes
configure:6379: : WARN_CFLAGS="$WARN_CFLAGS"
configure:6382: $? = 0
configure:6335: checking whether C compiler accepts -Wswitch-default
configure:6354: gcc -c -g -O2  -Wswitch-default  conftest.c >&5
configure:6354: $? = 0
configure:6363: result: yes
configure:6379: : WARN_CFLAGS="$WARN_CFLAGS"
configure:6382: $? = 0
configure:6335: checking whether C compiler accepts -Wduplicated-cond
configure:6354: gcc -c -g -O2  -Wduplicated-cond  conftest.c >&5
configure:6354: $? = 0
configure:6363: result: yes
configure:6379: : WARN_CFLAGS="$WARN_CFLAGS"
configure:6382: $? = 0
configure:6335: checking whether C compiler accepts -Wduplicated-branches
configure:6354: gcc -c -g -O2  -Wduplicated-branches  conftest.c >&5
configure:6354: $? = 0
configure:6363: result: yes
configure:6379: : WARN_CFLAGS="$WARN_CFLAGS"
configure:6382: $? = 0
configure:6335: checking whether C compiler accepts -Wlogical-op
configure:6354: gcc -c -g -O2  -Wlogical-op  conftest.c >&5
configure:6354: $? = 0
configure:6363: result: yes
configure:6379: : WARN_CFLAGS="$WARN_CFLAGS"
configure:6382: $? = 0
configure:6335: checking whether C compiler accepts -Wrestrict
configure:6354: gcc -c -g -O2  -Wrestrict  conftest.c >&5
configure:6354: $? = 0
configure:6363: result: yes
configure:6379: : WARN_CFLAGS="$WARN_CFLAGS"
configure:6382: $? = 0
configure:6335: checking whether C compiler accepts -Wnull-dereference
configure:6354: gcc -c -g -O2  -Wnull-dereference  conftest.c >&5
configure:6354: $? = 0
configure:6363: result: yes
configure:6379: : WARN_CFLAGS="$WARN_CFLAGS"
configure:6382: $? = 0
configure:6335: checking whether C compiler accepts -Wdouble-promotion
configure:6354: gcc -c -g -O2  -Wdouble-promotion  conftest.c >&5
configure:6354: $? = 0
configure:6363: result: yes
configure:6379: : WARN_CFLAGS="$WARN_CFLAGS"
configure:6382: $? = 0
configure:6540: checking whether C compiler accepts -Wno-error=unused-parameter
configure:6559: gcc -c -g -O2  -Wno-error=unused-parameter  conftest.c >&5
configure:6559: $? = 0
configure:6568: result: yes
configure:6584: : WARN_CFLAGS="$WARN_CFLAGS"
configure:6587: $? = 0
configure:6540: checking whether C compiler accepts -Wno-error=missing-field-initializers
configure:6559: gcc -c -g -O2  -Wno-error=missing-field-initializers  conftest.c >&5
configure:6559: $? = 0
configure:6568: result: yes
configure:6584: : WARN_CFLAGS="$WARN_CFLAGS"
configure:6587: $? = 0
configure:6644: checking whether C compiler accepts -Werror=unknown-warning-option
configure:6671: result: no
configure:6684: checking whether the linker accepts -Wl,--as-needed
configure:6703: gcc -o conftest -g -O2    -Wl,--as-needed conftest.c  >&5
configure:6703: $? = 0
configure:6712: result: yes
configure:6722: checking whether the linker accepts -Wl,--as-needed
configure:6741: gcc -o conftest -g -O2    -Wl,--as-needed conftest.c  >&5
configure:6741: $? = 0
configure:6751: result: yes
configure:6778: : AM_LDFLAGS="$AM_LDFLAGS"
configure:6781: $? = 0
configure:6797: checking whether the linker accepts -Wl,-z,relro
configure:6816: gcc -o conftest -g -O2    -Wl,-z,relro conftest.c  >&5
configure:6816: $? = 0
configure:6825: result: yes
configure:6835: checking whether the linker accepts -Wl,-z,relro
configure:6854: gcc -o conftest -g -O2    -Wl,-z,relro conftest.c  >&5
configure:6854: $? = 0
configure:6864: result: yes
configure:6880: : AM_LDFLAGS="$AM_LDFLAGS"
configure:6883: $? = 0
configure:6910: checking whether the linker accepts -Wl,-z,now
configure:6929: gcc -o conftest -g -O2    -Wl,-z,now conftest.c  >&5
configure:6929: $? = 0
configure:6938: result: yes
configure:6948: checking whether the linker accepts -Wl,-z,now
configure:6967: gcc -o conftest -g -O2    -Wl,-z,now conftest.c  >&5
configure:6967: $? = 0
configure:6977: result: yes
configure:6993: : AM_LDFLAGS="$AM_LDFLAGS"
configure:6996: $? = 0
configure:7023: checking whether the linker accepts -Wl,-z,noexecstack
configure:7042: gcc -o conftest -g -O2    -Wl,-z,noexecstack conftest.c  >&5
configure:7042: $? = 0
configure:7051: result: yes
configure:7061: checking whether the linker accepts -Wl,-z,noexecstack
configure:7080: gcc -o conftest -g -O2    -Wl,-z,noexecstack conftest.c  >&5
configure:7080: $? = 0
configure:7090: result: yes
configure:7106: : AM_LDFLAGS="$AM_LDFLAGS"
configure:7109: $? = 0
configure:7139: checking whether the linker accepts -Wl,--no-as-needed
configure:7158: gcc -o conftest -g -O2    -Wl,--no-as-needed conftest.c  >&5
configure:7158: $? = 0
configure:7167: result: yes
configure:7182: checking whether the linker accepts -Wl,--fatal-warnings
configure:7201: gcc -o conftest -g -O2    -Wl,--fatal-warnings conftest.c  >&5
configure:7201: $? = 0
configure:7210: result: yes
configure:7220: checking whether the linker accepts -Wl,-fatal_warnings
configure:7239: gcc -o conftest -g -O2    -Wl,-fatal_warnings conftest.c  >&5
/usr/bin/ld: -f may not be used without -shared
collect2: error: ld returned 1 exit status
configure:7239: $? = 1
configure: failed program was:
| /* confdefs.h */
| #define PACKAGE_NAME "axel"
| #define PACKAGE_TARNAME "axel"
| #define PACKAGE_VERSION "2.17.10"
| #define PACKAGE_STRING "axel 2.17.10"
| #define PACKAGE_BUGREPORT "https://github.com/axel-download-accelerator/axel/issues"
| #define PACKAGE_URL ""
| #define PACKAGE "axel"
| #define VERSION "2.17.10"
| #define ARCH "linux-gnu"
| #define STDC_HEADERS 1
| #define HAVE_SYS_TYPES_H 1
| #define HAVE_SYS_STAT_H 1
| #define HAVE_STDLIB_H 1
| #define HAVE_STRING_H 1
| #define HAVE_MEMORY_H 1
| #define HAVE_STRINGS_H 1
| #define HAVE_INTTYPES_H 1
| #define HAVE_STDINT_H 1
| #define HAVE_UNISTD_H 1
| #define __EXTENSIONS__ 1
| #define _ALL_SOURCE 1
| #define _GNU_SOURCE 1
| #define _POSIX_PTHREAD_SEMANTICS 1
| #define _TANDEM_SOURCE 1
| /* end confdefs.h.  */
| 
| int
| main ()
| {
| 
|   ;
|   return 0;
| }
configure:7248: result: no
configure:7266: checking whether the linker accepts -Wl,--no-as-needed
configure:7285: gcc -o conftest -g -O2    -Wl,--no-as-needed conftest.c  >&5
configure:7285: $? = 0
configure:7295: result: yes
configure:7322: : WARN_LDFLAGS="$WARN_LDFLAGS"
configure:7325: $? = 0
configure:7539: : WARN_SCANNERFLAGS="$WARN_SCANNERFLAGS"
configure:7542: $? = 0
configure:7564: : WARN_SCANNERFLAGS="$WARN_SCANNERFLAGS"
configure:7567: $? = 0
configure:7646: checking for __attribute__((format))
configure:7667: gcc -o conftest -g -O2   conftest.c  >&5
configure:7667: $? = 0
configure:7680: result: yes
configure:7698: checking for __builtin_clzll
configure:7717: gcc -o conftest -g -O2   conftest.c  >&5
configure:7717: $? = 0
configure:7726: result: yes
configure:7768: checking arpa/inet.h usability
configure:7768: gcc -c -g -O2  conftest.c >&5
configure:7768: $? = 0
configure:7768: result: yes
configure:7768: checking arpa/inet.h presence
configure:7768: gcc -E  conftest.c
configure:7768: $? = 0
configure:7768: result: yes
configure:7768: checking for arpa/inet.h
configure:7768: result: yes
configure:7768: checking fcntl.h usability
configure:7768: gcc -c -g -O2  conftest.c >&5
configure:7768: $? = 0
configure:7768: result: yes
configure:7768: checking fcntl.h presence
configure:7768: gcc -E  conftest.c
configure:7768: $? = 0
configure:7768: result: yes
configure:7768: checking for fcntl.h
configure:7768: result: yes
configure:7768: checking limits.h usability
configure:7768: gcc -c -g -O2  conftest.c >&5
configure:7768: $? = 0
configure:7768: result: yes
configure:7768: checking limits.h presence
configure:7768: gcc -E  conftest.c
configure:7768: $? = 0
configure:7768: result: yes
configure:7768: checking for limits.h
configure:7768: result: yes
configure:7768: checking locale.h usability
configure:7768: gcc -c -g -O2  conftest.c >&5
configure:7768: $? = 0
configure:7768: result: yes
configure:7768: checking locale.h presence
configure:7768: gcc -E  conftest.c
configure:7768: $? = 0
configure:7768: result: yes
configure:7768: checking for locale.h
configure:7768: result: yes
configure:7768: checking netdb.h usability
configure:7768: gcc -c -g -O2  conftest.c >&5
configure:7768: $? = 0
configure:7768: result: yes
configure:7768: checking netdb.h presence
configure:7768: gcc -E  conftest.c
configure:7768: $? = 0
configure:7768: result: yes
configure:7768: checking for netdb.h
configure:7768: result: yes
configure:7768: checking netinet/in.h usability
configure:7768: gcc -c -g -O2  conftest.c >&5
configure:7768: $? = 0
configure:7768: result: yes
configure:7768: checking netinet/in.h presence
configure:7768: gcc -E  conftest.c
configure:7768: $? = 0
configure:7768: result: yes
configure:7768: checking for netinet/in.h
configure:7768: result: yes
configure:7768: checking for stdlib.h
configure:7768: result: yes
configure:7768: checking sys/ioctl.h usability
configure:7768: gcc -c -g -O2  conftest.c >&5
configure:7768: $? = 0
configure:7768: result: yes
configure:7768: checking sys/ioctl.h presence
configure:7768: gcc -E  conftest.c
configure:7768: $? = 0
configure:7768: result: yes
configure:7768: checking for sys/ioctl.h
configure:7768: result: yes
configure:7768: checking sys/socket.h usability
configure:7768: gcc -c -g -O2  conftest.c >&5
configure:7768: $? = 0
configure:7768: result: yes
configure:7768: checking sys/socket.h presence
configure:7768: gcc -E  conftest.c
configure:7768: $? = 0
configure:7768: result: yes
configure:7768: checking for sys/socket.h
configure:7768: result: yes
configure:7768: checking sys/time.h usability
configure:7768: gcc -c -g -O2  conftest.c >&5
configure:7768: $? = 0
configure:7768: result: yes
configure:7768: checking sys/time.h presence
configure:7768: gcc -E  conftest.c
configure:7768: $? = 0
configure:7768: result: yes
configure:7768: checking for sys/time.h
configure:7768: result: yes
configure:7768: checking for unistd.h
configure:7768: result: yes
configure:7784: checking for inline
configure:7800: gcc -c -g -O2  conftest.c >&5
configure:7800: $? = 0
configure:7808: result: inline
configure:7828: checking for int8_t
configure:7828: gcc -c -g -O2  conftest.c >&5
configure:7828: $? = 0
configure:7828: gcc -c -g -O2  conftest.c >&5
conftest.c: In function 'main':
conftest.c:78:12: error: size of array 'test_array' is negative
   78 | static int test_array [1 - 2 * !((int8_t) (((((int8_t) 1 << N) << N) - 1) * 2 + 1)
      |            ^~~~~~~~~~
configure:7828: $? = 1
configure: failed program was:
| /* confdefs.h */
| #define PACKAGE_NAME "axel"
| #define PACKAGE_TARNAME "axel"
| #define PACKAGE_VERSION "2.17.10"
| #define PACKAGE_STRING "axel 2.17.10"
| #define PACKAGE_BUGREPORT "https://github.com/axel-download-accelerator/axel/issues"
| #define PACKAGE_URL ""
| #define PACKAGE "axel"
| #define VERSION "2.17.10"
| #define ARCH "linux-gnu"
| #define STDC_HEADERS 1
| #define HAVE_SYS_TYPES_H 1
| #define HAVE_SYS_STAT_H 1
| #define HAVE_STDLIB_H 1
| #define HAVE_STRING_H 1
| #define HAVE_MEMORY_H 1
| #define HAVE_STRINGS_H 1
| #define HAVE_INTTYPES_H 1
| #define HAVE_STDINT_H 1
| #define HAVE_UNISTD_H 1
| #define __EXTENSIONS__ 1
| #define _ALL_SOURCE 1
| #define _GNU_SOURCE 1
| #define _POSIX_PTHREAD_SEMANTICS 1
| #define _TANDEM_SOURCE 1
| #define NDEBUG 1
| #define HAVE_FUNC_ATTRIBUTE_FORMAT 1
| #define HAVE___BUILTIN_CLZLL 1
| #define HAVE_ARPA_INET_H 1
| #define HAVE_FCNTL_H 1
| #define HAVE_LIMITS_H 1
| #define HAVE_LOCALE_H 1
| #define HAVE_NETDB_H 1
| #define HAVE_NETINET_IN_H 1
| #define HAVE_STDLIB_H 1
| #define HAVE_SYS_IOCTL_H 1
| #define HAVE_SYS_SOCKET_H 1
| #define HAVE_SYS_TIME_H 1
| #define HAVE_UNISTD_H 1
| /* end confdefs.h.  */
| #include <stdio.h>
| #ifdef HAVE_SYS_TYPES_H
| # include <sys/types.h>
| #endif
| #ifdef HAVE_SYS_STAT_H
| # include <sys/stat.h>
| #endif
| #ifdef STDC_HEADERS
| # include <stdlib.h>
| # include <stddef.h>
| #else
| # ifdef HAVE_STDLIB_H
| #  include <stdlib.h>
| # endif
| #endif
| #ifdef HAVE_STRING_H
| # if !defined STDC_HEADERS && defined HAVE_MEMORY_H
| #  include <memory.h>
| # endif
| # include <string.h>
| #endif
| #ifdef HAVE_STRINGS_H
| # include <strings.h>
| #endif
| #ifdef HAVE_INTTYPES_H
| # include <inttypes.h>
| #endif
| #ifdef HAVE_STDINT_H
| # include <stdint.h>
| #endif
| #ifdef HAVE_UNISTD_H
| # include <unistd.h>
| #endif
| 	        enum { N = 8 / 2 - 1 };
| int
| main ()
| {
| static int test_array [1 - 2 * !((int8_t) (((((int8_t) 1 << N) << N) - 1) * 2 + 1)
| 		 < (int8_t) (((((int8_t) 1 << N) << N) - 1) * 2 + 2))];
| test_array [0] = 0;
| return test_array [0];
| 
|   ;
|   return 0;
| }
configure:7828: result: yes
configure:7839: checking for uint8_t
configure:7839: gcc -c -g -O2  conftest.c >&5
configure:7839: $? = 0
configure:7839: result: yes
configure:7853: checking for int16_t
configure:7853: gcc -c -g -O2  conftest.c >&5
configure:7853: $? = 0
configure:7853: gcc -c -g -O2  conftest.c >&5
conftest.c: In function 'main':
conftest.c:78:12: error: size of array 'test_array' is negative
   78 | static int test_array [1 - 2 * !((int16_t) (((((int16_t) 1 << N) << N) - 1) * 2 + 1)
      |            ^~~~~~~~~~
configure:7853: $? = 1
configure: failed program was:
| /* confdefs.h */
| #define PACKAGE_NAME "axel"
| #define PACKAGE_TARNAME "axel"
| #define PACKAGE_VERSION "2.17.10"
| #define PACKAGE_STRING "axel 2.17.10"
| #define PACKAGE_BUGREPORT "https://github.com/axel-download-accelerator/axel/issues"
| #define PACKAGE_URL ""
| #define PACKAGE "axel"
| #define VERSION "2.17.10"
| #define ARCH "linux-gnu"
| #define STDC_HEADERS 1
| #define HAVE_SYS_TYPES_H 1
| #define HAVE_SYS_STAT_H 1
| #define HAVE_STDLIB_H 1
| #define HAVE_STRING_H 1
| #define HAVE_MEMORY_H 1
| #define HAVE_STRINGS_H 1
| #define HAVE_INTTYPES_H 1
| #define HAVE_STDINT_H 1
| #define HAVE_UNISTD_H 1
| #define __EXTENSIONS__ 1
| #define _ALL_SOURCE 1
| #define _GNU_SOURCE 1
| #define _POSIX_PTHREAD_SEMANTICS 1
| #define _TANDEM_SOURCE 1
| #define NDEBUG 1
| #define HAVE_FUNC_ATTRIBUTE_FORMAT 1
| #define HAVE___BUILTIN_CLZLL 1
| #define HAVE_ARPA_INET_H 1
| #define HAVE_FCNTL_H 1
| #define HAVE_LIMITS_H 1
| #define HAVE_LOCALE_H 1
| #define HAVE_NETDB_H 1
| #define HAVE_NETINET_IN_H 1
| #define HAVE_STDLIB_H 1
| #define HAVE_SYS_IOCTL_H 1
| #define HAVE_SYS_SOCKET_H 1
| #define HAVE_SYS_TIME_H 1
| #define HAVE_UNISTD_H 1
| /* end confdefs.h.  */
| #include <stdio.h>
| #ifdef HAVE_SYS_TYPES_H
| # include <sys/types.h>
| #endif
| #ifdef HAVE_SYS_STAT_H
| # include <sys/stat.h>
| #endif
| #ifdef STDC_HEADERS
| # include <stdlib.h>
| # include <stddef.h>
| #else
| # ifdef HAVE_STDLIB_H
| #  include <stdlib.h>
| # endif
| #endif
| #ifdef HAVE_STRING_H
| # if !defined STDC_HEADERS && defined HAVE_MEMORY_H
| #  include <memory.h>
| # endif
| # include <string.h>
| #endif
| #ifdef HAVE_STRINGS_H
| # include <strings.h>
| #endif
| #ifdef HAVE_INTTYPES_H
| # include <inttypes.h>
| #endif
| #ifdef HAVE_STDINT_H
| # include <stdint.h>
| #endif
| #ifdef HAVE_UNISTD_H
| # include <unistd.h>
| #endif
| 	        enum { N = 16 / 2 - 1 };
| int
| main ()
| {
| static int test_array [1 - 2 * !((int16_t) (((((int16_t) 1 << N) << N) - 1) * 2 + 1)
| 		 < (int16_t) (((((int16_t) 1 << N) << N) - 1) * 2 + 2))];
| test_array [0] = 0;
| return test_array [0];
| 
|   ;
|   return 0;
| }
configure:7853: result: yes
configure:7864: checking for uint16_t
configure:7864: gcc -c -g -O2  conftest.c >&5
configure:7864: $? = 0
configure:7864: result: yes
configure:7876: checking for int32_t
configure:7876: gcc -c -g -O2  conftest.c >&5
configure:7876: $? = 0
configure:7876: gcc -c -g -O2  conftest.c >&5
conftest.c: In function 'main':
conftest.c:79:67: warning: integer overflow in expression of type 'int' results in '-2147483648' [-Woverflow]
   79 |                  < (int32_t) (((((int32_t) 1 << N) << N) - 1) * 2 + 2))];
      |                                                                   ^
conftest.c:78:12: error: storage size of 'test_array' isn't constant
   78 | static int test_array [1 - 2 * !((int32_t) (((((int32_t) 1 << N) << N) - 1) * 2 + 1)
      |            ^~~~~~~~~~
configure:7876: $? = 1
configure: failed program was:
| /* confdefs.h */
| #define PACKAGE_NAME "axel"
| #define PACKAGE_TARNAME "axel"
| #define PACKAGE_VERSION "2.17.10"
| #define PACKAGE_STRING "axel 2.17.10"
| #define PACKAGE_BUGREPORT "https://github.com/axel-download-accelerator/axel/issues"
| #define PACKAGE_URL ""
| #define PACKAGE "axel"
| #define VERSION "2.17.10"
| #define ARCH "linux-gnu"
| #define STDC_HEADERS 1
| #define HAVE_SYS_TYPES_H 1
| #define HAVE_SYS_STAT_H 1
| #define HAVE_STDLIB_H 1
| #define HAVE_STRING_H 1
| #define HAVE_MEMORY_H 1
| #define HAVE_STRINGS_H 1
| #define HAVE_INTTYPES_H 1
| #define HAVE_STDINT_H 1
| #define HAVE_UNISTD_H 1
| #define __EXTENSIONS__ 1
| #define _ALL_SOURCE 1
| #define _GNU_SOURCE 1
| #define _POSIX_PTHREAD_SEMANTICS 1
| #define _TANDEM_SOURCE 1
| #define NDEBUG 1
| #define HAVE_FUNC_ATTRIBUTE_FORMAT 1
| #define HAVE___BUILTIN_CLZLL 1
| #define HAVE_ARPA_INET_H 1
| #define HAVE_FCNTL_H 1
| #define HAVE_LIMITS_H 1
| #define HAVE_LOCALE_H 1
| #define HAVE_NETDB_H 1
| #define HAVE_NETINET_IN_H 1
| #define HAVE_STDLIB_H 1
| #define HAVE_SYS_IOCTL_H 1
| #define HAVE_SYS_SOCKET_H 1
| #define HAVE_SYS_TIME_H 1
| #define HAVE_UNISTD_H 1
| /* end confdefs.h.  */
| #include <stdio.h>
| #ifdef HAVE_SYS_TYPES_H
| # include <sys/types.h>
| #endif
| #ifdef HAVE_SYS_STAT_H
| # include <sys/stat.h>
| #endif
| #ifdef STDC_HEADERS
| # include <stdlib.h>
| # include <stddef.h>
| #else
| # ifdef HAVE_STDLIB_H
| #  include <stdlib.h>
| # endif
| #endif
| #ifdef HAVE_STRING_H
| # if !defined STDC_HEADERS && defined HAVE_MEMORY_H
| #  include <memory.h>
| # endif
| # include <string.h>
| #endif
| #ifdef HAVE_STRINGS_H
| # include <strings.h>
| #endif
| #ifdef HAVE_INTTYPES_H
| # include <inttypes.h>
| #endif
| #ifdef HAVE_STDINT_H
| # include <stdint.h>
| #endif
| #ifdef HAVE_UNISTD_H
| # include <unistd.h>
| #endif
| 	        enum { N = 32 / 2 - 1 };
| int
| main ()
| {
| static int test_array [1 - 2 * !((int32_t) (((((int32_t) 1 << N) << N) - 1) * 2 + 1)
| 		 < (int32_t) (((((int32_t) 1 << N) << N) - 1) * 2 + 2))];
| test_array [0] = 0;
| return test_array [0];
| 
|   ;
|   return 0;
| }
configure:7876: result: yes
configure:7887: checking for uint32_t
configure:7887: gcc -c -g -O2  conftest.c >&5
configure:7887: $? = 0
configure:7887: result: yes
configure:7901: checking for int64_t
configure:7901: gcc -c -g -O2  conftest.c >&5
configure:7901: $? = 0
configure:7901: gcc -c -g -O2  conftest.c >&5
conftest.c: In function 'main':
conftest.c:79:67: warning: integer overflow in expression of type 'long int' results in '-9223372036854775808' [-Woverflow]
   79 |                  < (int64_t) (((((int64_t) 1 << N) << N) - 1) * 2 + 2))];
      |                                                                   ^
conftest.c:78:12: error: storage size of 'test_array' isn't constant
   78 | static int test_array [1 - 2 * !((int64_t) (((((int64_t) 1 << N) << N) - 1) * 2 + 1)
      |            ^~~~~~~~~~
configure:7901: $? = 1
configure: failed program was:
| /* confdefs.h */
| #define PACKAGE_NAME "axel"
| #define PACKAGE_TARNAME "axel"
| #define PACKAGE_VERSION "2.17.10"
| #define PACKAGE_STRING "axel 2.17.10"
| #define PACKAGE_BUGREPORT "https://github.com/axel-download-accelerator/axel/issues"
| #define PACKAGE_URL ""
| #define PACKAGE "axel"
| #define VERSION "2.17.10"
| #define ARCH "linux-gnu"
| #define STDC_HEADERS 1
| #define HAVE_SYS_TYPES_H 1
| #define HAVE_SYS_STAT_H 1
| #define HAVE_STDLIB_H 1
| #define HAVE_STRING_H 1
| #define HAVE_MEMORY_H 1
| #define HAVE_STRINGS_H 1
| #define HAVE_INTTYPES_H 1
| #define HAVE_STDINT_H 1
| #define HAVE_UNISTD_H 1
| #define __EXTENSIONS__ 1
| #define _ALL_SOURCE 1
| #define _GNU_SOURCE 1
| #define _POSIX_PTHREAD_SEMANTICS 1
| #define _TANDEM_SOURCE 1
| #define NDEBUG 1
| #define HAVE_FUNC_ATTRIBUTE_FORMAT 1
| #define HAVE___BUILTIN_CLZLL 1
| #define HAVE_ARPA_INET_H 1
| #define HAVE_FCNTL_H 1
| #define HAVE_LIMITS_H 1
| #define HAVE_LOCALE_H 1
| #define HAVE_NETDB_H 1
| #define HAVE_NETINET_IN_H 1
| #define HAVE_STDLIB_H 1
| #define HAVE_SYS_IOCTL_H 1
| #define HAVE_SYS_SOCKET_H 1
| #define HAVE_SYS_TIME_H 1
| #define HAVE_UNISTD_H 1
| /* end confdefs.h.  */
| #include <stdio.h>
| #ifdef HAVE_SYS_TYPES_H
| # include <sys/types.h>
| #endif
| #ifdef HAVE_SYS_STAT_H
| # include <sys/stat.h>
| #endif
| #ifdef STDC_HEADERS
| # include <stdlib.h>
| # include <stddef.h>
| #else
| # ifdef HAVE_STDLIB_H
| #  include <stdlib.h>
| # endif
| #endif
| #ifdef HAVE_STRING_H
| # if !defined STDC_HEADERS && defined HAVE_MEMORY_H
| #  include <memory.h>
| # endif
| # include <string.h>
| #endif
| #ifdef HAVE_STRINGS_H
| # include <strings.h>
| #endif
| #ifdef HAVE_INTTYPES_H
| # include <inttypes.h>
| #endif
| #ifdef HAVE_STDINT_H
| # include <stdint.h>
| #endif
| #ifdef HAVE_UNISTD_H
| # include <unistd.h>
| #endif
| 	        enum { N = 64 / 2 - 1 };
| int
| main ()
| {
| static int test_array [1 - 2 * !((int64_t) (((((int64_t) 1 << N) << N) - 1) * 2 + 1)
| 		 < (int64_t) (((((int64_t) 1 << N) << N) - 1) * 2 + 2))];
| test_array [0] = 0;
| return test_array [0];
| 
|   ;
|   return 0;
| }
configure:7901: result: yes
configure:7912: checking for uint64_t
configure:7912: gcc -c -g -O2  conftest.c >&5
configure:7912: $? = 0
configure:7912: result: yes
configure:7928: checking for size_t
configure:7928: gcc -c -g -O2  conftest.c >&5
configure:7928: $? = 0
configure:7928: gcc -c -g -O2  conftest.c >&5
conftest.c: In function 'main':
conftest.c:77:21: error: expected expression before ')' token
   77 | if (sizeof ((size_t)))
      |                     ^
configure:7928: $? = 1
configure: failed program was:
| /* confdefs.h */
| #define PACKAGE_NAME "axel"
| #define PACKAGE_TARNAME "axel"
| #define PACKAGE_VERSION "2.17.10"
| #define PACKAGE_STRING "axel 2.17.10"
| #define PACKAGE_BUGREPORT "https://github.com/axel-download-accelerator/axel/issues"
| #define PACKAGE_URL ""
| #define PACKAGE "axel"
| #define VERSION "2.17.10"
| #define ARCH "linux-gnu"
| #define STDC_HEADERS 1
| #define HAVE_SYS_TYPES_H 1
| #define HAVE_SYS_STAT_H 1
| #define HAVE_STDLIB_H 1
| #define HAVE_STRING_H 1
| #define HAVE_MEMORY_H 1
| #define HAVE_STRINGS_H 1
| #define HAVE_INTTYPES_H 1
| #define HAVE_STDINT_H 1
| #define HAVE_UNISTD_H 1
| #define __EXTENSIONS__ 1
| #define _ALL_SOURCE 1
| #define _GNU_SOURCE 1
| #define _POSIX_PTHREAD_SEMANTICS 1
| #define _TANDEM_SOURCE 1
| #define NDEBUG 1
| #define HAVE_FUNC_ATTRIBUTE_FORMAT 1
| #define HAVE___BUILTIN_CLZLL 1
| #define HAVE_ARPA_INET_H 1
| #define HAVE_FCNTL_H 1
| #define HAVE_LIMITS_H 1
| #define HAVE_LOCALE_H 1
| #define HAVE_NETDB_H 1
| #define HAVE_NETINET_IN_H 1
| #define HAVE_STDLIB_H 1
| #define HAVE_SYS_IOCTL_H 1
| #define HAVE_SYS_SOCKET_H 1
| #define HAVE_SYS_TIME_H 1
| #define HAVE_UNISTD_H 1
| /* end confdefs.h.  */
| #include <stdio.h>
| #ifdef HAVE_SYS_TYPES_H
| # include <sys/types.h>
| #endif
| #ifdef HAVE_SYS_STAT_H
| # include <sys/stat.h>
| #endif
| #ifdef STDC_HEADERS
| # include <stdlib.h>
| # include <stddef.h>
| #else
| # ifdef HAVE_STDLIB_H
| #  include <stdlib.h>
| # endif
| #endif
| #ifdef HAVE_STRING_H
| # if !defined STDC_HEADERS && defined HAVE_MEMORY_H
| #  include <memory.h>
| # endif
| # include <string.h>
| #endif
| #ifdef HAVE_STRINGS_H
| # include <strings.h>
| #endif
| #ifdef HAVE_INTTYPES_H
| # include <inttypes.h>
| #endif
| #ifdef HAVE_STDINT_H
| # include <stdint.h>
| #endif
| #ifdef HAVE_UNISTD_H
| # include <unistd.h>
| #endif
| int
| main ()
| {
| if (sizeof ((size_t)))
| 	    return 0;
|   ;
|   return 0;
| }
configure:7928: result: yes
configure:7939: checking for ssize_t
configure:7939: gcc -c -g -O2  conftest.c >&5
configure:7939: $? = 0
configure:7939: gcc -c -g -O2  conftest.c >&5
conftest.c: In function 'main':
conftest.c:77:22: error: expected expression before ')' token
   77 | if (sizeof ((ssize_t)))
      |                      ^
configure:7939: $? = 1
configure: failed program was:
| /* confdefs.h */
| #define PACKAGE_NAME "axel"
| #define PACKAGE_TARNAME "axel"
| #define PACKAGE_VERSION "2.17.10"
| #define PACKAGE_STRING "axel 2.17.10"
| #define PACKAGE_BUGREPORT "https://github.com/axel-download-accelerator/axel/issues"
| #define PACKAGE_URL ""
| #define PACKAGE "axel"
| #define VERSION "2.17.10"
| #define ARCH "linux-gnu"
| #define STDC_HEADERS 1
| #define HAVE_SYS_TYPES_H 1
| #define HAVE_SYS_STAT_H 1
| #define HAVE_STDLIB_H 1
| #define HAVE_STRING_H 1
| #define HAVE_MEMORY_H 1
| #define HAVE_STRINGS_H 1
| #define HAVE_INTTYPES_H 1
| #define HAVE_STDINT_H 1
| #define HAVE_UNISTD_H 1
| #define __EXTENSIONS__ 1
| #define _ALL_SOURCE 1
| #define _GNU_SOURCE 1
| #define _POSIX_PTHREAD_SEMANTICS 1
| #define _TANDEM_SOURCE 1
| #define NDEBUG 1
| #define HAVE_FUNC_ATTRIBUTE_FORMAT 1
| #define HAVE___BUILTIN_CLZLL 1
| #define HAVE_ARPA_INET_H 1
| #define HAVE_FCNTL_H 1
| #define HAVE_LIMITS_H 1
| #define HAVE_LOCALE_H 1
| #define HAVE_NETDB_H 1
| #define HAVE_NETINET_IN_H 1
| #define HAVE_STDLIB_H 1
| #define HAVE_SYS_IOCTL_H 1
| #define HAVE_SYS_SOCKET_H 1
| #define HAVE_SYS_TIME_H 1
| #define HAVE_UNISTD_H 1
| /* end confdefs.h.  */
| #include <stdio.h>
| #ifdef HAVE_SYS_TYPES_H
| # include <sys/types.h>
| #endif
| #ifdef HAVE_SYS_STAT_H
| # include <sys/stat.h>
| #endif
| #ifdef STDC_HEADERS
| # include <stdlib.h>
| # include <stddef.h>
| #else
| # ifdef HAVE_STDLIB_H
| #  include <stdlib.h>
| # endif
| #endif
| #ifdef HAVE_STRING_H
| # if !defined STDC_HEADERS && defined HAVE_MEMORY_H
| #  include <memory.h>
| # endif
| # include <string.h>
| #endif
| #ifdef HAVE_STRINGS_H
| # include <strings.h>
| #endif
| #ifdef HAVE_INTTYPES_H
| # include <inttypes.h>
| #endif
| #ifdef HAVE_STDINT_H
| # include <stdint.h>
| #endif
| #ifdef HAVE_UNISTD_H
| # include <unistd.h>
| #endif
| int
| main ()
| {
| if (sizeof ((ssize_t)))
| 	    return 0;
|   ;
|   return 0;
| }
configure:7939: result: yes
configure:7950: checking for mode_t
configure:7950: gcc -c -g -O2  conftest.c >&5
configure:7950: $? = 0
configure:7950: gcc -c -g -O2  conftest.c >&5
conftest.c: In function 'main':
conftest.c:77:21: error: expected expression before ')' token
   77 | if (sizeof ((mode_t)))
      |                     ^
configure:7950: $? = 1
configure: failed program was:
| /* confdefs.h */
| #define PACKAGE_NAME "axel"
| #define PACKAGE_TARNAME "axel"
| #define PACKAGE_VERSION "2.17.10"
| #define PACKAGE_STRING "axel 2.17.10"
| #define PACKAGE_BUGREPORT "https://github.com/axel-download-accelerator/axel/issues"
| #define PACKAGE_URL ""
| #define PACKAGE "axel"
| #define VERSION "2.17.10"
| #define ARCH "linux-gnu"
| #define STDC_HEADERS 1
| #define HAVE_SYS_TYPES_H 1
| #define HAVE_SYS_STAT_H 1
| #define HAVE_STDLIB_H 1
| #define HAVE_STRING_H 1
| #define HAVE_MEMORY_H 1
| #define HAVE_STRINGS_H 1
| #define HAVE_INTTYPES_H 1
| #define HAVE_STDINT_H 1
| #define HAVE_UNISTD_H 1
| #define __EXTENSIONS__ 1
| #define _ALL_SOURCE 1
| #define _GNU_SOURCE 1
| #define _POSIX_PTHREAD_SEMANTICS 1
| #define _TANDEM_SOURCE 1
| #define NDEBUG 1
| #define HAVE_FUNC_ATTRIBUTE_FORMAT 1
| #define HAVE___BUILTIN_CLZLL 1
| #define HAVE_ARPA_INET_H 1
| #define HAVE_FCNTL_H 1
| #define HAVE_LIMITS_H 1
| #define HAVE_LOCALE_H 1
| #define HAVE_NETDB_H 1
| #define HAVE_NETINET_IN_H 1
| #define HAVE_STDLIB_H 1
| #define HAVE_SYS_IOCTL_H 1
| #define HAVE_SYS_SOCKET_H 1
| #define HAVE_SYS_TIME_H 1
| #define HAVE_UNISTD_H 1
| /* end confdefs.h.  */
| #include <stdio.h>
| #ifdef HAVE_SYS_TYPES_H
| # include <sys/types.h>
| #endif
| #ifdef HAVE_SYS_STAT_H
| # include <sys/stat.h>
| #endif
| #ifdef STDC_HEADERS
| # include <stdlib.h>
| # include <stddef.h>
| #else
| # ifdef HAVE_STDLIB_H
| #  include <stdlib.h>
| # endif
| #endif
| #ifdef HAVE_STRING_H
| # if !defined STDC_HEADERS && defined HAVE_MEMORY_H
| #  include <memory.h>
| # endif
| # include <string.h>
| #endif
| #ifdef HAVE_STRINGS_H
| # include <strings.h>
| #endif
| #ifdef HAVE_INTTYPES_H
| # include <inttypes.h>
| #endif
| #ifdef HAVE_STDINT_H
| # include <stdint.h>
| #endif
| #ifdef HAVE_UNISTD_H
| # include <unistd.h>
| #endif
| int
| main ()
| {
| if (sizeof ((mode_t)))
| 	    return 0;
|   ;
|   return 0;
| }
configure:7950: result: yes
configure:7961: checking return type of signal handlers
configure:7979: gcc -c -g -O2  conftest.c >&5
conftest.c: In function 'main':
conftest.c:47:10: error: void value not ignored as it ought to be
   47 | return *(signal (0, 0)) (0) == 1;
      |         ~^~~~~~~~~~~~~~~~~~
configure:7979: $? = 1
configure: failed program was:
| /* confdefs.h */
| #define PACKAGE_NAME "axel"
| #define PACKAGE_TARNAME "axel"
| #define PACKAGE_VERSION "2.17.10"
| #define PACKAGE_STRING "axel 2.17.10"
| #define PACKAGE_BUGREPORT "https://github.com/axel-download-accelerator/axel/issues"
| #define PACKAGE_URL ""
| #define PACKAGE "axel"
| #define VERSION "2.17.10"
| #define ARCH "linux-gnu"
| #define STDC_HEADERS 1
| #define HAVE_SYS_TYPES_H 1
| #define HAVE_SYS_STAT_H 1
| #define HAVE_STDLIB_H 1
| #define HAVE_STRING_H 1
| #define HAVE_MEMORY_H 1
| #define HAVE_STRINGS_H 1
| #define HAVE_INTTYPES_H 1
| #define HAVE_STDINT_H 1
| #define HAVE_UNISTD_H 1
| #define __EXTENSIONS__ 1
| #define _ALL_SOURCE 1
| #define _GNU_SOURCE 1
| #define _POSIX_PTHREAD_SEMANTICS 1
| #define _TANDEM_SOURCE 1
| #define NDEBUG 1
| #define HAVE_FUNC_ATTRIBUTE_FORMAT 1
| #define HAVE___BUILTIN_CLZLL 1
| #define HAVE_ARPA_INET_H 1
| #define HAVE_FCNTL_H 1
| #define HAVE_LIMITS_H 1
| #define HAVE_LOCALE_H 1
| #define HAVE_NETDB_H 1
| #define HAVE_NETINET_IN_H 1
| #define HAVE_STDLIB_H 1
| #define HAVE_SYS_IOCTL_H 1
| #define HAVE_SYS_SOCKET_H 1
| #define HAVE_SYS_TIME_H 1
| #define HAVE_UNISTD_H 1
| /* end confdefs.h.  */
| #include <sys/types.h>
| #include <signal.h>
| 
| int
| main ()
| {
| return *(signal (0, 0)) (0) == 1;
|   ;
|   return 0;
| }
configure:7986: result: void
configure:7998: checking for off_t
configure:7998: gcc -c -g -O2  conftest.c >&5
configure:7998: $? = 0
configure:7998: gcc -c -g -O2  conftest.c >&5
conftest.c: In function 'main':
conftest.c:79:20: error: expected expression before ')' token
   79 | if (sizeof ((off_t)))
      |                    ^
configure:7998: $? = 1
configure: failed program was:
| /* confdefs.h */
| #define PACKAGE_NAME "axel"
| #define PACKAGE_TARNAME "axel"
| #define PACKAGE_VERSION "2.17.10"
| #define PACKAGE_STRING "axel 2.17.10"
| #define PACKAGE_BUGREPORT "https://github.com/axel-download-accelerator/axel/issues"
| #define PACKAGE_URL ""
| #define PACKAGE "axel"
| #define VERSION "2.17.10"
| #define ARCH "linux-gnu"
| #define STDC_HEADERS 1
| #define HAVE_SYS_TYPES_H 1
| #define HAVE_SYS_STAT_H 1
| #define HAVE_STDLIB_H 1
| #define HAVE_STRING_H 1
| #define HAVE_MEMORY_H 1
| #define HAVE_STRINGS_H 1
| #define HAVE_INTTYPES_H 1
| #define HAVE_STDINT_H 1
| #define HAVE_UNISTD_H 1
| #define __EXTENSIONS__ 1
| #define _ALL_SOURCE 1
| #define _GNU_SOURCE 1
| #define _POSIX_PTHREAD_SEMANTICS 1
| #define _TANDEM_SOURCE 1
| #define NDEBUG 1
| #define HAVE_FUNC_ATTRIBUTE_FORMAT 1
| #define HAVE___BUILTIN_CLZLL 1
| #define HAVE_ARPA_INET_H 1
| #define HAVE_FCNTL_H 1
| #define HAVE_LIMITS_H 1
| #define HAVE_LOCALE_H 1
| #define HAVE_NETDB_H 1
| #define HAVE_NETINET_IN_H 1
| #define HAVE_STDLIB_H 1
| #define HAVE_SYS_IOCTL_H 1
| #define HAVE_SYS_SOCKET_H 1
| #define HAVE_SYS_TIME_H 1
| #define HAVE_UNISTD_H 1
| #define RETSIGTYPE void
| /* end confdefs.h.  */
| #include <stdio.h>
| #ifdef HAVE_SYS_TYPES_H
| # include <sys/types.h>
| #endif
| #ifdef HAVE_SYS_STAT_H
| # include <sys/stat.h>
| #endif
| #ifdef STDC_HEADERS
| # include <stdlib.h>
| # include <stddef.h>
| #else
| # ifdef HAVE_STDLIB_H
| #  include <stdlib.h>
| # endif
| #endif
| #ifdef HAVE_STRING_H
| # if !defined STDC_HEADERS && defined HAVE_MEMORY_H
| #  include <memory.h>
| # endif
| # include <string.h>
| #endif
| #ifdef HAVE_STRINGS_H
| # include <strings.h>
| #endif
| #ifdef HAVE_INTTYPES_H
| # include <inttypes.h>
| #endif
| #ifdef HAVE_STDINT_H
| # include <stdint.h>
| #endif
| #ifdef HAVE_UNISTD_H
| # include <unistd.h>
| #endif
| 
| int
| main ()
| {
| if (sizeof ((off_t)))
| 	    return 0;
|   ;
|   return 0;
| }
configure:7998: result: yes
configure:8002: checking for off_t compatibility
configure:8019: gcc -c -g -O2  conftest.c >&5
configure:8019: $? = 0
configure:8027: result: yes
configure:8068: checking for getaddrinfo
configure:8068: gcc -o conftest -g -O2   conftest.c  >&5
configure:8068: $? = 0
configure:8068: result: yes
configure:8068: checking for gettimeofday
configure:8068: gcc -o conftest -g -O2   conftest.c  >&5
configure:8068: $? = 0
configure:8068: result: yes
configure:8068: checking for inet_ntoa
configure:8068: gcc -o conftest -g -O2   conftest.c  >&5
configure:8068: $? = 0
configure:8068: result: yes
configure:8068: checking for malloc
configure:8068: gcc -o conftest -g -O2   conftest.c  >&5
conftest.c:69:6: warning: conflicting types for built-in function 'malloc'; expected 'void *(long unsigned int)' [-Wbuiltin-declaration-mismatch]
   69 | char malloc ();
      |      ^~~~~~
conftest.c:57:1: note: 'malloc' is declared in header '<stdlib.h>'
   56 | # include <limits.h>
   57 | #else
configure:8068: $? = 0
configure:8068: result: yes
configure:8068: checking for memset
configure:8068: gcc -o conftest -g -O2   conftest.c  >&5
conftest.c:70:6: warning: conflicting types for built-in function 'memset'; expected 'void *(void *, int,  long unsigned int)' [-Wbuiltin-declaration-mismatch]
   70 | char memset ();
      |      ^~~~~~
conftest.c:58:1: note: 'memset' is declared in header '<string.h>'
   57 | # include <limits.h>
   58 | #else
configure:8068: $? = 0
configure:8068: result: yes
configure:8068: checking for nanosleep
configure:8068: gcc -o conftest -g -O2   conftest.c  >&5
configure:8068: $? = 0
configure:8068: result: yes
configure:8068: checking for realloc
configure:8068: gcc -o conftest -g -O2   conftest.c  >&5
conftest.c:72:6: warning: conflicting types for built-in function 'realloc'; expected 'void *(void *, long unsigned int)' [-Wbuiltin-declaration-mismatch]
   72 | char realloc ();
      |      ^~~~~~~
conftest.c:60:1: note: 'realloc' is declared in header '<stdlib.h>'
   59 | # include <limits.h>
   60 | #else
configure:8068: $? = 0
configure:8068: result: yes
configure:8068: checking for select
configure:8068: gcc -o conftest -g -O2   conftest.c  >&5
configure:8068: $? = 0
configure:8068: result: yes
configure:8068: checking for setlocale
configure:8068: gcc -o conftest -g -O2   conftest.c  >&5
configure:8068: $? = 0
configure:8068: result: yes
configure:8068: checking for socket
configure:8068: gcc -o conftest -g -O2   conftest.c  >&5
configure:8068: $? = 0
configure:8068: result: yes
configure:8068: checking for strcasecmp
configure:8068: gcc -o conftest -g -O2   conftest.c  >&5
conftest.c:76:6: warning: conflicting types for built-in function 'strcasecmp'; expected 'int(const char *, const char *)' [-Wbuiltin-declaration-mismatch]
   76 | char strcasecmp ();
      |      ^~~~~~~~~~
configure:8068: $? = 0
configure:8068: result: yes
configure:8068: checking for strchr
configure:8068: gcc -o conftest -g -O2   conftest.c  >&5
conftest.c:77:6: warning: conflicting types for built-in function 'strchr'; expected 'char *(const char *, int)' [-Wbuiltin-declaration-mismatch]
   77 | char strchr ();
      |      ^~~~~~
conftest.c:65:1: note: 'strchr' is declared in header '<string.h>'
   64 | # include <limits.h>
   65 | #else
configure:8068: $? = 0
configure:8068: result: yes
configure:8068: checking for strerror
configure:8068: gcc -o conftest -g -O2   conftest.c  >&5
configure:8068: $? = 0
configure:8068: result: yes
configure:8068: checking for strncasecmp
configure:8068: gcc -o conftest -g -O2   conftest.c  >&5
conftest.c:79:6: warning: conflicting types for built-in function 'strncasecmp'; expected 'int(const char *, const char *, long unsigned int)' [-Wbuiltin-declaration-mismatch]
   79 | char strncasecmp ();
      |      ^~~~~~~~~~~
configure:8068: $? = 0
configure:8068: result: yes
configure:8068: checking for strpbrk
configure:8068: gcc -o conftest -g -O2   conftest.c  >&5
conftest.c:80:6: warning: conflicting types for built-in function 'strpbrk'; expected 'char *(const char *, const char *)' [-Wbuiltin-declaration-mismatch]
   80 | char strpbrk ();
      |      ^~~~~~~
conftest.c:68:1: note: 'strpbrk' is declared in header '<string.h>'
   67 | # include <limits.h>
   68 | #else
configure:8068: $? = 0
configure:8068: result: yes
configure:8068: checking for strrchr
configure:8068: gcc -o conftest -g -O2   conftest.c  >&5
conftest.c:81:6: warning: conflicting types for built-in function 'strrchr'; expected 'char *(const char *, int)' [-Wbuiltin-declaration-mismatch]
   81 | char strrchr ();
      |      ^~~~~~~
conftest.c:69:1: note: 'strrchr' is declared in header '<string.h>'
   68 | # include <limits.h>
   69 | #else
configure:8068: $? = 0
configure:8068: result: yes
configure:8068: checking for strstr
configure:8068: gcc -o conftest -g -O2   conftest.c  >&5
conftest.c:82:6: warning: conflicting types for built-in function 'strstr'; expected 'char *(const char *, const char *)' [-Wbuiltin-declaration-mismatch]
   82 | char strstr ();
      |      ^~~~~~
conftest.c:70:1: note: 'strstr' is declared in header '<string.h>'
   69 | # include <limits.h>
   70 | #else
configure:8068: $? = 0
configure:8068: result: yes
configure:8068: checking for strtoul
configure:8068: gcc -o conftest -g -O2   conftest.c  >&5
configure:8068: $? = 0
configure:8068: result: yes
configure:8068: checking for strtoll
configure:8068: gcc -o conftest -g -O2   conftest.c  >&5
configure:8068: $? = 0
configure:8068: result: yes
configure:8082: checking for strlcpy
configure:8082: gcc -o conftest -g -O2   conftest.c  >&5
/usr/bin/ld: /tmp/cccVncKQ.o: in function `main':
/mnt/PostInst/axel/conftest.c:96: undefined reference to `strlcpy'
collect2: error: ld returned 1 exit status
configure:8082: $? = 1
configure: failed program was:
| /* confdefs.h */
| #define PACKAGE_NAME "axel"
| #define PACKAGE_TARNAME "axel"
| #define PACKAGE_VERSION "2.17.10"
| #define PACKAGE_STRING "axel 2.17.10"
| #define PACKAGE_BUGREPORT "https://github.com/axel-download-accelerator/axel/issues"
| #define PACKAGE_URL ""
| #define PACKAGE "axel"
| #define VERSION "2.17.10"
| #define ARCH "linux-gnu"
| #define STDC_HEADERS 1
| #define HAVE_SYS_TYPES_H 1
| #define HAVE_SYS_STAT_H 1
| #define HAVE_STDLIB_H 1
| #define HAVE_STRING_H 1
| #define HAVE_MEMORY_H 1
| #define HAVE_STRINGS_H 1
| #define HAVE_INTTYPES_H 1
| #define HAVE_STDINT_H 1
| #define HAVE_UNISTD_H 1
| #define __EXTENSIONS__ 1
| #define _ALL_SOURCE 1
| #define _GNU_SOURCE 1
| #define _POSIX_PTHREAD_SEMANTICS 1
| #define _TANDEM_SOURCE 1
| #define NDEBUG 1
| #define HAVE_FUNC_ATTRIBUTE_FORMAT 1
| #define HAVE___BUILTIN_CLZLL 1
| #define HAVE_ARPA_INET_H 1
| #define HAVE_FCNTL_H 1
| #define HAVE_LIMITS_H 1
| #define HAVE_LOCALE_H 1
| #define HAVE_NETDB_H 1
| #define HAVE_NETINET_IN_H 1
| #define HAVE_STDLIB_H 1
| #define HAVE_SYS_IOCTL_H 1
| #define HAVE_SYS_SOCKET_H 1
| #define HAVE_SYS_TIME_H 1
| #define HAVE_UNISTD_H 1
| #define RETSIGTYPE void
| #define HAVE_OFF_T 1
| #define HAVE_GETADDRINFO 1
| #define HAVE_GETTIMEOFDAY 1
| #define HAVE_INET_NTOA 1
| #define HAVE_MALLOC 1
| #define HAVE_MEMSET 1
| #define HAVE_NANOSLEEP 1
| #define HAVE_REALLOC 1
| #define HAVE_SELECT 1
| #define HAVE_SETLOCALE 1
| #define HAVE_SOCKET 1
| #define HAVE_STRCASECMP 1
| #define HAVE_STRCHR 1
| #define HAVE_STRERROR 1
| #define HAVE_STRNCASECMP 1
| #define HAVE_STRPBRK 1
| #define HAVE_STRRCHR 1
| #define HAVE_STRSTR 1
| #define HAVE_STRTOUL 1
| #define HAVE_STRTOLL 1
| /* end confdefs.h.  */
| /* Define strlcpy to an innocuous variant, in case <limits.h> declares strlcpy.
|    For example, HP-UX 11i <limits.h> declares gettimeofday.  */
| #define strlcpy innocuous_strlcpy
| 
| /* System header to define __stub macros and hopefully few prototypes,
|     which can conflict with char strlcpy (); below.
|     Prefer <limits.h> to <assert.h> if __STDC__ is defined, since
|     <limits.h> exists even on freestanding compilers.  */
| 
| #ifdef __STDC__
| # include <limits.h>
| #else
| # include <assert.h>
| #endif
| 
| #undef strlcpy
| 
| /* Override any GCC internal prototype to avoid an error.
|    Use char because int might match the return type of a GCC
|    builtin and then its argument prototype would still apply.  */
| #ifdef __cplusplus
| extern "C"
| #endif
| char strlcpy ();
| /* The GNU C library defines this for functions which it implements
|     to always fail with ENOSYS.  Some functions are actually named
|     something starting with __ and the normal name is an alias.  */
| #if defined __stub_strlcpy || defined __stub___strlcpy
| choke me
| #endif
| 
| int
| main ()
| {
| return strlcpy ();
|   ;
|   return 0;
| }
configure:8082: result: no
configure:8095: checking for strlcat
configure:8095: gcc -o conftest -g -O2   conftest.c  >&5
/usr/bin/ld: /tmp/ccEbFeKJ.o: in function `main':
/mnt/PostInst/axel/conftest.c:96: undefined reference to `strlcat'
collect2: error: ld returned 1 exit status
configure:8095: $? = 1
configure: failed program was:
| /* confdefs.h */
| #define PACKAGE_NAME "axel"
| #define PACKAGE_TARNAME "axel"
| #define PACKAGE_VERSION "2.17.10"
| #define PACKAGE_STRING "axel 2.17.10"
| #define PACKAGE_BUGREPORT "https://github.com/axel-download-accelerator/axel/issues"
| #define PACKAGE_URL ""
| #define PACKAGE "axel"
| #define VERSION "2.17.10"
| #define ARCH "linux-gnu"
| #define STDC_HEADERS 1
| #define HAVE_SYS_TYPES_H 1
| #define HAVE_SYS_STAT_H 1
| #define HAVE_STDLIB_H 1
| #define HAVE_STRING_H 1
| #define HAVE_MEMORY_H 1
| #define HAVE_STRINGS_H 1
| #define HAVE_INTTYPES_H 1
| #define HAVE_STDINT_H 1
| #define HAVE_UNISTD_H 1
| #define __EXTENSIONS__ 1
| #define _ALL_SOURCE 1
| #define _GNU_SOURCE 1
| #define _POSIX_PTHREAD_SEMANTICS 1
| #define _TANDEM_SOURCE 1
| #define NDEBUG 1
| #define HAVE_FUNC_ATTRIBUTE_FORMAT 1
| #define HAVE___BUILTIN_CLZLL 1
| #define HAVE_ARPA_INET_H 1
| #define HAVE_FCNTL_H 1
| #define HAVE_LIMITS_H 1
| #define HAVE_LOCALE_H 1
| #define HAVE_NETDB_H 1
| #define HAVE_NETINET_IN_H 1
| #define HAVE_STDLIB_H 1
| #define HAVE_SYS_IOCTL_H 1
| #define HAVE_SYS_SOCKET_H 1
| #define HAVE_SYS_TIME_H 1
| #define HAVE_UNISTD_H 1
| #define RETSIGTYPE void
| #define HAVE_OFF_T 1
| #define HAVE_GETADDRINFO 1
| #define HAVE_GETTIMEOFDAY 1
| #define HAVE_INET_NTOA 1
| #define HAVE_MALLOC 1
| #define HAVE_MEMSET 1
| #define HAVE_NANOSLEEP 1
| #define HAVE_REALLOC 1
| #define HAVE_SELECT 1
| #define HAVE_SETLOCALE 1
| #define HAVE_SOCKET 1
| #define HAVE_STRCASECMP 1
| #define HAVE_STRCHR 1
| #define HAVE_STRERROR 1
| #define HAVE_STRNCASECMP 1
| #define HAVE_STRPBRK 1
| #define HAVE_STRRCHR 1
| #define HAVE_STRSTR 1
| #define HAVE_STRTOUL 1
| #define HAVE_STRTOLL 1
| /* end confdefs.h.  */
| /* Define strlcat to an innocuous variant, in case <limits.h> declares strlcat.
|    For example, HP-UX 11i <limits.h> declares gettimeofday.  */
| #define strlcat innocuous_strlcat
| 
| /* System header to define __stub macros and hopefully few prototypes,
|     which can conflict with char strlcat (); below.
|     Prefer <limits.h> to <assert.h> if __STDC__ is defined, since
|     <limits.h> exists even on freestanding compilers.  */
| 
| #ifdef __STDC__
| # include <limits.h>
| #else
| # include <assert.h>
| #endif
| 
| #undef strlcat
| 
| /* Override any GCC internal prototype to avoid an error.
|    Use char because int might match the return type of a GCC
|    builtin and then its argument prototype would still apply.  */
| #ifdef __cplusplus
| extern "C"
| #endif
| char strlcat ();
| /* The GNU C library defines this for functions which it implements
|     to always fail with ENOSYS.  Some functions are actually named
|     something starting with __ and the normal name is an alias.  */
| #if defined __stub_strlcat || defined __stub___strlcat
| choke me
| #endif
| 
| int
| main ()
| {
| return strlcat ();
|   ;
|   return 0;
| }
configure:8095: result: no
configure:8113: checking for O_NONBLOCK
configure:8129: gcc -c -g -O2  conftest.c >&5
configure:8129: $? = 0
configure:8137: result: yes
configure:8178: checking for openssl
configure:8185: $PKG_CONFIG --exists --print-errors "openssl"
configure:8188: $? = 0
configure:8202: $PKG_CONFIG --exists --print-errors "openssl"
configure:8205: $? = 0
configure:8263: result: yes
configure:8272: checking for ASN1_STRING_get0_data
configure:8272: gcc -o conftest -g -O2   conftest.c  -lssl -lcrypto  >&5
configure:8272: $? = 0
configure:8272: result: yes
configure:8300: checking for msgfmt
configure:8328: result: /usr/bin/msgfmt
configure:8337: checking for gmsgfmt
configure:8368: result: /usr/bin/msgfmt
configure:8379: checking for xgettext
configure:8407: result: /usr/bin/xgettext
configure:8418: checking for msgmerge
configure:8445: result: /usr/bin/msgmerge
configure:8507: checking for ld used by GCC
configure:8570: result: /usr/bin/ld
configure:8577: checking if the linker (/usr/bin/ld) is GNU ld
GNU ld (GNU Binutils) 2.36.1
configure:8589: result: yes
configure:8595: checking for shared library run path origin
configure:8608: result: done
configure:8631: checking whether NLS is requested
configure:8640: result: yes
configure:8657: checking for GNU gettext in libc
configure:8676: gcc -o conftest -g -O2   conftest.c  >&5
conftest.c: In function 'main':
conftest.c:71:8: warning: cast from pointer to integer of different size [-Wpointer-to-int-cast]
   71 | return (int) gettext ("") + _nl_msg_cat_cntr + *_nl_domain_bindings
      |        ^
configure:8676: $? = 0
configure:8684: result: yes
configure:9834: checking whether gcc is Clang
configure:9859: result: no
configure:9982: checking whether pthreads work with -pthread
configure:10076: gcc -o conftest -g -O2 -pthread   conftest.c   >&5
configure:10076: $? = 0
configure:10085: result: yes
configure:10104: checking for joinable pthread attribute
configure:10122: gcc -o conftest -g -O2 -pthread   conftest.c   >&5
configure:10122: $? = 0
configure:10130: result: PTHREAD_CREATE_JOINABLE
configure:10144: checking whether more special flags are required for pthreads
configure:10157: result: no
configure:10165: checking for PTHREAD_PRIO_INHERIT
configure:10181: gcc -o conftest -g -O2 -pthread   conftest.c   >&5
configure:10181: $? = 0
configure:10190: result: yes
configure:10421: checking that generated files are newer than configure
configure:10427: result: done
configure:10458: creating ./config.status

## ---------------------- ##
## Running config.status. ##
## ---------------------- ##

This file was extended by axel config.status 2.17.10, which was
generated by GNU Autoconf 2.69.  Invocation command line was

  CONFIG_FILES    = 
  CONFIG_HEADERS  = 
  CONFIG_LINKS    = 
  CONFIG_COMMANDS = 
  $ ./config.status 

on artix

config.status:950: creating Makefile
config.status:950: creating po/Makefile.in
config.status:1058: WARNING:  'po/Makefile.in.in' seems to ignore the --datarootdir setting
config.status:950: creating config.h
config.status:1179: executing depfiles commands
config.status:1256: cd .       && sed -e '/# am--include-marker/d' Makefile         | make -f - am--depfiles
config.status:1261: $? = 0
config.status:1179: executing default-1 commands

## ---------------- ##
## Cache variables. ##
## ---------------- ##

ac_cv_build=x86_64-pc-linux-gnu
ac_cv_c_compiler_gnu=yes
ac_cv_c_inline=inline
ac_cv_c_int16_t=yes
ac_cv_c_int32_t=yes
ac_cv_c_int64_t=yes
ac_cv_c_int8_t=yes
ac_cv_c_uint16_t=yes
ac_cv_c_uint32_t=yes
ac_cv_c_uint64_t=yes
ac_cv_c_uint8_t=yes
ac_cv_env_CC_set=
ac_cv_env_CC_value=
ac_cv_env_CFLAGS_set=
ac_cv_env_CFLAGS_value=
ac_cv_env_CPPFLAGS_set=
ac_cv_env_CPPFLAGS_value=
ac_cv_env_CPP_set=
ac_cv_env_CPP_value=
ac_cv_env_LDFLAGS_set=
ac_cv_env_LDFLAGS_value=
ac_cv_env_LIBS_set=
ac_cv_env_LIBS_value=
ac_cv_env_PKG_CONFIG_LIBDIR_set=
ac_cv_env_PKG_CONFIG_LIBDIR_value=
ac_cv_env_PKG_CONFIG_PATH_set=
ac_cv_env_PKG_CONFIG_PATH_value=
ac_cv_env_PKG_CONFIG_set=
ac_cv_env_PKG_CONFIG_value=
ac_cv_env_SSL_CFLAGS_set=
ac_cv_env_SSL_CFLAGS_value=
ac_cv_env_SSL_LIBS_set=
ac_cv_env_SSL_LIBS_value=
ac_cv_env_build_alias_set=
ac_cv_env_build_alias_value=
ac_cv_env_host_alias_set=
ac_cv_env_host_alias_value=
ac_cv_env_target_alias_set=
ac_cv_env_target_alias_value=
ac_cv_func_ASN1_STRING_get0_data=yes
ac_cv_func_getaddrinfo=yes
ac_cv_func_gettimeofday=yes
ac_cv_func_inet_ntoa=yes
ac_cv_func_malloc=yes
ac_cv_func_memset=yes
ac_cv_func_nanosleep=yes
ac_cv_func_realloc=yes
ac_cv_func_select=yes
ac_cv_func_setlocale=yes
ac_cv_func_socket=yes
ac_cv_func_strcasecmp=yes
ac_cv_func_strchr=yes
ac_cv_func_strerror=yes
ac_cv_func_strlcat=no
ac_cv_func_strlcpy=no
ac_cv_func_strncasecmp=yes
ac_cv_func_strpbrk=yes
ac_cv_func_strrchr=yes
ac_cv_func_strstr=yes
ac_cv_func_strtoll=yes
ac_cv_func_strtoul=yes
ac_cv_header_arpa_inet_h=yes
ac_cv_header_fcntl_h=yes
ac_cv_header_inttypes_h=yes
ac_cv_header_limits_h=yes
ac_cv_header_locale_h=yes
ac_cv_header_memory_h=yes
ac_cv_header_minix_config_h=no
ac_cv_header_netdb_h=yes
ac_cv_header_netinet_in_h=yes
ac_cv_header_stdc=yes
ac_cv_header_stdint_h=yes
ac_cv_header_stdlib_h=yes
ac_cv_header_string_h=yes
ac_cv_header_strings_h=yes
ac_cv_header_sys_ioctl_h=yes
ac_cv_header_sys_socket_h=yes
ac_cv_header_sys_stat_h=yes
ac_cv_header_sys_time_h=yes
ac_cv_header_sys_types_h=yes
ac_cv_header_unistd_h=yes
ac_cv_host=x86_64-pc-linux-gnu
ac_cv_objext=o
ac_cv_path_EGREP='/usr/bin/grep -E'
ac_cv_path_GMSGFMT=/usr/bin/msgfmt
ac_cv_path_GREP=/usr/bin/grep
ac_cv_path_MSGFMT=/usr/bin/msgfmt
ac_cv_path_MSGMERGE=/usr/bin/msgmerge
ac_cv_path_SED=/usr/bin/sed
ac_cv_path_XGETTEXT=/usr/bin/xgettext
ac_cv_path_ac_pt_PKG_CONFIG=/usr/bin/pkg-config
ac_cv_path_install='/usr/bin/install -c'
ac_cv_path_mkdir=/usr/bin/mkdir
ac_cv_prog_AWK=gawk
ac_cv_prog_CPP='gcc -E'
ac_cv_prog_ac_ct_CC=gcc
ac_cv_prog_cc_c89=
ac_cv_prog_cc_c99=
ac_cv_prog_cc_g=yes
ac_cv_prog_make_make_set=yes
ac_cv_safe_to_define___extensions__=yes
ac_cv_sys_file_offset_bits=no
ac_cv_sys_largefile_CC=no
ac_cv_type_mode_t=yes
ac_cv_type_off_t=yes
ac_cv_type_signal=void
ac_cv_type_size_t=yes
ac_cv_type_ssize_t=yes
acl_cv_hardcode_direct=no
acl_cv_hardcode_libdir_flag_spec='${wl}-rpath ${wl}$libdir'
acl_cv_hardcode_libdir_separator=
acl_cv_hardcode_minus_L=no
acl_cv_libext=a
acl_cv_path_LD=/usr/bin/ld
acl_cv_prog_gnu_ld=yes
acl_cv_rpath=done
acl_cv_shlibext=so
acl_cv_sys_lib_dlsearch_path_spec='/lib /usr/lib'
acl_cv_sys_lib_search_path_spec='/lib /usr/lib /usr/local/lib'
acl_cv_wl=-Wl,
am_cv_CC_dependencies_compiler_type=gcc3
am_cv_make_support_nested_variables=yes
am_cv_prog_cc_c_o=yes
ax_cv_PTHREAD_CLANG=no
ax_cv_PTHREAD_JOINABLE_ATTR=PTHREAD_CREATE_JOINABLE
ax_cv_PTHREAD_PRIO_INHERIT=yes
ax_cv_PTHREAD_SPECIAL_FLAGS=no
ax_cv_check_cflags__Wall=yes
ax_cv_check_cflags__Warray_bounds=yes
ax_cv_check_cflags__Wcast_align=yes
ax_cv_check_cflags__Wdeclaration_after_statement=yes
ax_cv_check_cflags__Wdouble_promotion=yes
ax_cv_check_cflags__Wduplicated_branches=yes
ax_cv_check_cflags__Wduplicated_cond=yes
ax_cv_check_cflags__Wextra=yes
ax_cv_check_cflags__Wformat_2=yes
ax_cv_check_cflags__Wformat_nonliteral=yes
ax_cv_check_cflags__Wformat_security=yes
ax_cv_check_cflags__Wimplicit_function_declaration=yes
ax_cv_check_cflags__Winit_self=yes
ax_cv_check_cflags__Winline=yes
ax_cv_check_cflags__Wjump_misses_init=yes
ax_cv_check_cflags__Wlogical_op=yes
ax_cv_check_cflags__Wmissing_declarations=yes
ax_cv_check_cflags__Wmissing_format_attribute=yes
ax_cv_check_cflags__Wmissing_include_dirs=yes
ax_cv_check_cflags__Wmissing_noreturn=yes
ax_cv_check_cflags__Wmissing_prototypes=yes
ax_cv_check_cflags__Wnested_externs=yes
ax_cv_check_cflags__Wno_error_missing_field_initializers=yes
ax_cv_check_cflags__Wno_error_unused_parameter=yes
ax_cv_check_cflags__Wno_missing_field_initializers=yes
ax_cv_check_cflags__Wno_unused_parameter=yes
ax_cv_check_cflags__Wnull_dereference=yes
ax_cv_check_cflags__Wold_style_definition=yes
ax_cv_check_cflags__Wpacked=yes
ax_cv_check_cflags__Wpointer_arith=yes
ax_cv_check_cflags__Wredundant_decls=yes
ax_cv_check_cflags__Wrestrict=yes
ax_cv_check_cflags__Wreturn_type=yes
ax_cv_check_cflags__Wshadow=yes
ax_cv_check_cflags__Wsign_compare=yes
ax_cv_check_cflags__Wstrict_aliasing=yes
ax_cv_check_cflags__Wstrict_prototypes=yes
ax_cv_check_cflags__Wswitch_default=yes
ax_cv_check_cflags__Wswitch_enum=yes
ax_cv_check_cflags__Wundef=yes
ax_cv_check_cflags__Wunused_but_set_variable=yes
ax_cv_check_cflags__Wwrite_strings=yes
ax_cv_check_cflags___Werror_unknown_warning_option=no
ax_cv_check_cflags___Wno_suggest_attribute_format=yes
ax_cv_check_cflags__fno_strict_aliasing=yes
ax_cv_check_ldflags__Wl___as_needed=yes
ax_cv_check_ldflags__Wl___no_as_needed=yes
ax_cv_check_ldflags__Wl__z_noexecstack=yes
ax_cv_check_ldflags__Wl__z_now=yes
ax_cv_check_ldflags__Wl__z_relro=yes
ax_cv_check_ldflags___Wl___as_needed=yes
ax_cv_check_ldflags___Wl___fatal_warnings=yes
ax_cv_check_ldflags___Wl___no_as_needed=yes
ax_cv_check_ldflags___Wl__fatal_warnings=no
ax_cv_check_ldflags___Wl__z_noexecstack=yes
ax_cv_check_ldflags___Wl__z_now=yes
ax_cv_check_ldflags___Wl__z_relro=yes
ax_cv_have___builtin_clzll=yes
ax_cv_have_func_attribute_format=yes
axel_cv_macro_O_NONBLOCK=yes
axel_cv_type_compat_off_t=yes
gt_cv_func_gnugettext1_libc=yes
pkg_cv_SSL_CFLAGS=
pkg_cv_SSL_LIBS='-lssl -lcrypto '

## ----------------- ##
## Output variables. ##
## ----------------- ##

ACLOCAL='${SHELL} /mnt/PostInst/axel/build-aux/missing aclocal-1.16'
AMDEPBACKSLASH='\'
AMDEP_FALSE='#'
AMDEP_TRUE=''
AMTAR='$${TAR-tar}'
AM_BACKSLASH='\'
AM_DEFAULT_V='$(AM_DEFAULT_VERBOSITY)'
AM_DEFAULT_VERBOSITY='0'
AM_V='$(V)'
AUTOCONF='${SHELL} /mnt/PostInst/axel/build-aux/missing autoconf'
AUTOHEADER='${SHELL} /mnt/PostInst/axel/build-aux/missing autoheader'
AUTOMAKE='${SHELL} /mnt/PostInst/axel/build-aux/missing automake-1.16'
AWK='gawk'
CC='gcc'
CCDEPMODE='depmode=gcc3'
CFLAGS='-g -O2'
CPP='gcc -E'
CPPFLAGS=''
CYGPATH_W='echo'
DEFS='-DHAVE_CONFIG_H'
DEPDIR='.deps'
ECHO_C=''
ECHO_N='-n'
ECHO_T=''
EGREP='/usr/bin/grep -E'
EXEEXT=''
GMSGFMT='/usr/bin/msgfmt'
GREP='/usr/bin/grep'
INSTALL_DATA='${INSTALL} -m 644'
INSTALL_PROGRAM='${INSTALL}'
INSTALL_SCRIPT='${INSTALL}'
INSTALL_STRIP_PROGRAM='$(install_sh) -c -s'
INTLLIBS=''
LDFLAGS=''
LIBICONV=''
LIBINTL=''
LIBOBJS=' ${LIBOBJDIR}strlcpy$U.o ${LIBOBJDIR}strlcat$U.o'
LIBS=''
LTLIBICONV=''
LTLIBINTL=''
LTLIBOBJS=' ${LIBOBJDIR}strlcpy$U.lo ${LIBOBJDIR}strlcat$U.lo'
MAKEINFO='${SHELL} /mnt/PostInst/axel/build-aux/missing makeinfo'
MKDIR_P='/usr/bin/mkdir -p'
MSGFMT='/usr/bin/msgfmt'
MSGMERGE='/usr/bin/msgmerge'
OBJEXT='o'
PACKAGE='axel'
PACKAGE_BUGREPORT='https://github.com/axel-download-accelerator/axel/issues'
PACKAGE_NAME='axel'
PACKAGE_STRING='axel 2.17.10'
PACKAGE_TARNAME='axel'
PACKAGE_URL=''
PACKAGE_VERSION='2.17.10'
PATH_SEPARATOR=':'
PKG_CONFIG='/usr/bin/pkg-config'
PKG_CONFIG_LIBDIR=''
PKG_CONFIG_PATH=''
POSUB='po'
PTHREAD_CC='gcc'
PTHREAD_CFLAGS='-pthread'
PTHREAD_LIBS=''
RELDATE_PRETTY='November 22, 2020'
SED='/usr/bin/sed'
SET_MAKE=''
SHELL='/bin/sh'
SSL_CFLAGS=''
SSL_LIBS='-lssl -lcrypto '
STRIP=''
USE_NLS='yes'
VERSION='2.17.10'
WARN_CFLAGS='-fno-strict-aliasing -Wnested-externs -Wmissing-prototypes -Wstrict-prototypes -Wdeclaration-after-statement -Wimplicit-function-declaration -Wold-style-definition -Wjump-misses-init -Wall -Wextra -Wundef -Wwrite-strings -Wpointer-arith -Wmissing-declarations -Wredundant-decls -Wno-unused-parameter -Wno-missing-field-initializers -Wformat=2 -Wcast-align -Wformat-nonliteral -Wformat-security -Wsign-compare -Wstrict-aliasing -Wshadow -Winline -Wpacked -Wmissing-format-attribute -Wmissing-noreturn -Winit-self -Wmissing-include-dirs -Wunused-but-set-variable -Warray-bounds -Wreturn-type -Wswitch-enum -Wswitch-default -Wduplicated-cond -Wduplicated-branches -Wlogical-op -Wrestrict -Wnull-dereference -Wdouble-promotion -Wno-error=unused-parameter -Wno-error=missing-field-initializers'
WARN_LDFLAGS='-Wl,--no-as-needed'
WARN_SCANNERFLAGS='              --warn-all                                                             '
WITH_SSL_FALSE='#'
WITH_SSL_TRUE=''
XGETTEXT='/usr/bin/xgettext'
ac_ct_CC='gcc'
am__EXEEXT_FALSE=''
am__EXEEXT_TRUE='#'
am__fastdepCC_FALSE='#'
am__fastdepCC_TRUE=''
am__include='include'
am__isrc=''
am__leading_dot='.'
am__nodep='_no'
am__quote=''
am__tar='$${TAR-tar} chof - "$$tardir"'
am__untar='$${TAR-tar} xf -'
ax_pthread_config=''
bindir='${exec_prefix}/bin'
build='x86_64-pc-linux-gnu'
build_alias=''
build_cpu='x86_64'
build_os='linux-gnu'
build_vendor='pc'
datadir='${datarootdir}'
datarootdir='${prefix}/share'
docdir='${datarootdir}/doc/${PACKAGE_TARNAME}'
dvidir='${docdir}'
exec_prefix='${prefix}'
host='x86_64-pc-linux-gnu'
host_alias=''
host_cpu='x86_64'
host_os='linux-gnu'
host_vendor='pc'
htmldir='${docdir}'
includedir='${prefix}/include'
infodir='${datarootdir}/info'
install_sh='${SHELL} /mnt/PostInst/axel/build-aux/install-sh'
libdir='${exec_prefix}/lib'
libexecdir='${exec_prefix}/libexec'
localedir='${datarootdir}/locale'
localstatedir='${prefix}/var'
mandir='${datarootdir}/man'
mkdir_p='$(MKDIR_P)'
oldincludedir='/usr/include'
pdfdir='${docdir}'
prefix='/usr/local'
program_transform_name='s,x,x,'
psdir='${docdir}'
sbindir='${exec_prefix}/sbin'
sharedstatedir='${prefix}/com'
sysconfdir='${prefix}/etc'
target_alias=''

## ----------- ##
## confdefs.h. ##
## ----------- ##

/* confdefs.h */
#define PACKAGE_NAME "axel"
#define PACKAGE_TARNAME "axel"
#define PACKAGE_VERSION "2.17.10"
#define PACKAGE_STRING "axel 2.17.10"
#define PACKAGE_BUGREPORT "https://github.com/axel-download-accelerator/axel/issues"
#define PACKAGE_URL ""
#define PACKAGE "axel"
#define VERSION "2.17.10"
#define ARCH "linux-gnu"
#define STDC_HEADERS 1
#define HAVE_SYS_TYPES_H 1
#define HAVE_SYS_STAT_H 1
#define HAVE_STDLIB_H 1
#define HAVE_STRING_H 1
#define HAVE_MEMORY_H 1
#define HAVE_STRINGS_H 1
#define HAVE_INTTYPES_H 1
#define HAVE_STDINT_H 1
#define HAVE_UNISTD_H 1
#define __EXTENSIONS__ 1
#define _ALL_SOURCE 1
#define _GNU_SOURCE 1
#define _POSIX_PTHREAD_SEMANTICS 1
#define _TANDEM_SOURCE 1
#define NDEBUG 1
#define HAVE_FUNC_ATTRIBUTE_FORMAT 1
#define HAVE___BUILTIN_CLZLL 1
#define HAVE_ARPA_INET_H 1
#define HAVE_FCNTL_H 1
#define HAVE_LIMITS_H 1
#define HAVE_LOCALE_H 1
#define HAVE_NETDB_H 1
#define HAVE_NETINET_IN_H 1
#define HAVE_STDLIB_H 1
#define HAVE_SYS_IOCTL_H 1
#define HAVE_SYS_SOCKET_H 1
#define HAVE_SYS_TIME_H 1
#define HAVE_UNISTD_H 1
#define RETSIGTYPE void
#define HAVE_OFF_T 1
#define HAVE_GETADDRINFO 1
#define HAVE_GETTIMEOFDAY 1
#define HAVE_INET_NTOA 1
#define HAVE_MALLOC 1
#define HAVE_MEMSET 1
#define HAVE_NANOSLEEP 1
#define HAVE_REALLOC 1
#define HAVE_SELECT 1
#define HAVE_SETLOCALE 1
#define HAVE_SOCKET 1
#define HAVE_STRCASECMP 1
#define HAVE_STRCHR 1
#define HAVE_STRERROR 1
#define HAVE_STRNCASECMP 1
#define HAVE_STRPBRK 1
#define HAVE_STRRCHR 1
#define HAVE_STRSTR 1
#define HAVE_STRTOUL 1
#define HAVE_STRTOLL 1
#define HAVE_SSL 1
#define HAVE_ASN1_STRING_GET0_DATA 1
#define ENABLE_NLS 1
#define HAVE_GETTEXT 1
#define HAVE_DCGETTEXT 1
#define HAVE_PTHREAD_PRIO_INHERIT 1
#define HAVE_PTHREAD 1
#define ETCDIR "/etc"

configure: exit 0
