[  1215.462] (WW) Failed to open protocol names file lib/xorg/protocol.txt
[  1215.462] 
X.Org X Server 1.20.13
X Protocol Version 11, Revision 0
[  1215.462] Build Operating System: Linux Artixlinux
[  1215.462] Current Operating System: Linux artix 5.14.14-artix1-1 #1 SMP PREEMPT Thu, 21 Oct 2021 13:26:57 +0000 x86_64
[  1215.463] Kernel command line: BOOT_IMAGE=/boot/vmlinuz-linux root=UUID=819beeed-524d-439f-8477-7ef1955a73f5 rw loglevel=3 quiet
[  1215.463] Build Date: 04 August 2021  08:47:24AM
[  1215.463]  
[  1215.463] Current version of pixman: 0.40.0
[  1215.463] 	Before reporting problems, check http://wiki.x.org
	to make sure that you have the latest version.
[  1215.463] Markers: (--) probed, (**) from config file, (==) default setting,
	(++) from command line, (!!) notice, (II) informational,
	(WW) warning, (EE) error, (NI) not implemented, (??) unknown.
[  1215.464] (==) Log file: "/home/gaurav/.local/share/xorg/Xorg.0.log", Time: Tue Oct 26 21:27:39 2021
[  1215.465] (==) Using config directory: "/etc/X11/xorg.conf.d"
[  1215.465] (==) Using system config directory "/usr/share/X11/xorg.conf.d"
[  1215.466] (==) No Layout section.  Using the first Screen section.
[  1215.466] (==) No screen section available. Using defaults.
[  1215.466] (**) |-->Screen "Default Screen Section" (0)
[  1215.466] (**) |   |-->Monitor "<default monitor>"
[  1215.467] (==) No monitor specified for screen "Default Screen Section".
	Using a default monitor configuration.
[  1215.467] (==) Automatically adding devices
[  1215.467] (==) Automatically enabling devices
[  1215.467] (==) Automatically adding GPU devices
[  1215.467] (==) Automatically binding GPU devices
[  1215.467] (==) Max clients allowed: 256, resource mask: 0x1fffff
[  1215.467] (WW) The directory "/usr/share/fonts/misc" does not exist.
[  1215.467] 	Entry deleted from font path.
[  1215.467] (WW) The directory "/usr/share/fonts/TTF" does not exist.
[  1215.467] 	Entry deleted from font path.
[  1215.467] (WW) The directory "/usr/share/fonts/OTF" does not exist.
[  1215.467] 	Entry deleted from font path.
[  1215.467] (WW) The directory "/usr/share/fonts/Type1" does not exist.
[  1215.467] 	Entry deleted from font path.
[  1215.467] (WW) The directory "/usr/share/fonts/100dpi" does not exist.
[  1215.467] 	Entry deleted from font path.
[  1215.467] (WW) The directory "/usr/share/fonts/75dpi" does not exist.
[  1215.467] 	Entry deleted from font path.
[  1215.467] (==) FontPath set to:
	
[  1215.467] (==) ModulePath set to "/usr/lib/xorg/modules"
[  1215.467] (II) The server relies on udev to provide the list of input devices.
	If no devices become available, reconfigure udev or disable AutoAddDevices.
[  1215.467] (II) Module ABI versions:
[  1215.467] 	X.Org ANSI C Emulation: 0.4
[  1215.467] 	X.Org Video Driver: 24.1
[  1215.467] 	X.Org XInput driver : 24.1
[  1215.467] 	X.Org Server Extension : 10.0
[  1215.469] (++) using VT number 1

[  1215.471] (II) systemd-logind: took control of session /org/freedesktop/login1/session/_31
[  1215.473] (II) xfree86: Adding drm device (/dev/dri/card0)
[  1215.473] (II) systemd-logind: got fd for /dev/dri/card0 226:0 fd 10 paused 0
[  1215.476] (--) PCI:*(0@0:2:0) 8086:0f31:8086:0f31 rev 14, Mem @ 0xd0000000/4194304, 0xc0000000/268435456, I/O @ 0x00001000/8, BIOS @ 0x????????/131072
[  1215.476] (WW) Open ACPI failed (/var/run/acpid.socket) (No such file or directory)
[  1215.476] (II) LoadModule: "glx"
[  1215.477] (II) Loading /usr/lib/xorg/modules/extensions/libglx.so
[  1215.483] (II) Module glx: vendor="X.Org Foundation"
[  1215.483] 	compiled for 1.20.13, module version = 1.0.0
[  1215.483] 	ABI class: X.Org Server Extension, version 10.0
[  1215.483] (==) Matched intel as autoconfigured driver 0
[  1215.483] (==) Matched modesetting as autoconfigured driver 1
[  1215.483] (==) Matched fbdev as autoconfigured driver 2
[  1215.483] (==) Matched vesa as autoconfigured driver 3
[  1215.483] (==) Assigned the driver to the xf86ConfigLayout
[  1215.483] (II) LoadModule: "intel"
[  1215.483] (II) Loading /usr/lib/xorg/modules/drivers/intel_drv.so
[  1215.485] (II) Module intel: vendor="X.Org Foundation"
[  1215.485] 	compiled for 1.20.11, module version = 2.99.917
[  1215.485] 	Module class: X.Org Video Driver
[  1215.485] 	ABI class: X.Org Video Driver, version 24.1
[  1215.485] (II) LoadModule: "modesetting"
[  1215.485] (II) Loading /usr/lib/xorg/modules/drivers/modesetting_drv.so
[  1215.489] (II) Module modesetting: vendor="X.Org Foundation"
[  1215.489] 	compiled for 1.20.13, module version = 1.20.13
[  1215.489] 	Module class: X.Org Video Driver
[  1215.489] 	ABI class: X.Org Video Driver, version 24.1
[  1215.489] (II) LoadModule: "fbdev"
[  1215.490] (WW) Warning, couldn't open module fbdev
[  1215.490] (EE) Failed to load module "fbdev" (module does not exist, 0)
[  1215.490] (II) LoadModule: "vesa"
[  1215.490] (WW) Warning, couldn't open module vesa
[  1215.490] (EE) Failed to load module "vesa" (module does not exist, 0)
[  1215.490] (II) intel: Driver for Intel(R) Integrated Graphics Chipsets:
	i810, i810-dc100, i810e, i815, i830M, 845G, 854, 852GM/855GM, 865G,
	915G, E7221 (i915), 915GM, 945G, 945GM, 945GME, Pineview GM,
	Pineview G, 965G, G35, 965Q, 946GZ, 965GM, 965GME/GLE, G33, Q35, Q33,
	GM45, 4 Series, G45/G43, Q45/Q43, G41, B43
[  1215.491] (II) intel: Driver for Intel(R) HD Graphics
[  1215.491] (II) intel: Driver for Intel(R) Iris(TM) Graphics
[  1215.491] (II) intel: Driver for Intel(R) Iris(TM) Pro Graphics
[  1215.491] (II) modesetting: Driver for Modesetting Kernel Drivers: kms
[  1215.491] xf86EnableIOPorts: failed to set IOPL for I/O (Operation not permitted)
[  1215.491] (II) intel(0): Using Kernel Mode Setting driver: i915, version 1.6.0 20201103
[  1215.491] (II) intel(0): SNA compiled from 2.99.917-916-g31486f40
[  1215.506] (WW) Falling back to old probe method for modesetting
[  1215.506] (WW) VGA arbiter: cannot open kernel arbiter, no multi-card support
[  1215.506] (--) intel(0): Integrated Graphics Chipset: Intel(R) HD Graphics
[  1215.506] (--) intel(0): CPU: x86-64, sse2, sse3, ssse3, sse4.1, sse4.2; using a maximum of 2 threads
[  1215.506] (II) intel(0): Creating default Display subsection in Screen section
	"Default Screen Section" for depth/fbbpp 24/32
[  1215.506] (==) intel(0): Depth 24, (--) framebuffer bpp 32
[  1215.506] (==) intel(0): RGB weight 888
[  1215.506] (==) intel(0): Default visual is TrueColor
[  1215.507] (II) intel(0): Output eDP1 has no monitor section
[  1215.508] (**) intel(0): Found backlight control interface intel_backlight (type 'raw') for output eDP1
[  1215.508] (II) intel(0): Enabled output eDP1
[  1215.508] (II) intel(0): Output DP1 has no monitor section
[  1215.509] (II) intel(0): Enabled output DP1
[  1215.509] (II) intel(0): Output HDMI1 has no monitor section
[  1215.509] (II) intel(0): Enabled output HDMI1
[  1215.509] (--) intel(0): Using a maximum size of 256x256 for hardware cursors
[  1215.509] (II) intel(0): Output VIRTUAL1 has no monitor section
[  1215.509] (II) intel(0): Enabled output VIRTUAL1
[  1215.509] (--) intel(0): Output eDP1 using initial mode 1366x768 on pipe 0
[  1215.510] (==) intel(0): TearFree disabled
[  1215.510] (==) intel(0): Using gamma correction (1.0, 1.0, 1.0)
[  1215.510] (==) intel(0): DPI set to (96, 96)
[  1215.510] (II) Loading sub module "dri3"
[  1215.510] (II) LoadModule: "dri3"
[  1215.510] (II) Module "dri3" already built-in
[  1215.510] (II) Loading sub module "dri2"
[  1215.510] (II) LoadModule: "dri2"
[  1215.510] (II) Module "dri2" already built-in
[  1215.510] (II) Loading sub module "present"
[  1215.510] (II) LoadModule: "present"
[  1215.510] (II) Module "present" already built-in
[  1215.510] (II) UnloadModule: "modesetting"
[  1215.510] (II) Unloading modesetting
[  1215.511] (II) intel(0): SNA initialized with Baytrail (gen7) backend
[  1215.511] (==) intel(0): Backing store enabled
[  1215.511] (==) intel(0): Silken mouse disabled
[  1215.511] (II) intel(0): HW Cursor enabled
[  1215.511] (==) intel(0): DPMS enabled
[  1215.511] (==) intel(0): Display hotplug detection enabled
[  1215.511] (II) intel(0): [DRI2] Setup complete
[  1215.512] (II) intel(0): [DRI2]   DRI driver: i965
[  1215.512] (II) intel(0): [DRI2]   VDPAU driver: va_gl
[  1215.512] (II) intel(0): direct rendering: DRI2 DRI3 enabled
[  1215.512] (II) intel(0): hardware support for Present enabled
[  1215.512] (II) Initializing extension Generic Event Extension
[  1215.512] (II) Initializing extension SHAPE
[  1215.512] (II) Initializing extension MIT-SHM
[  1215.512] (II) Initializing extension XInputExtension
[  1215.512] (II) Initializing extension XTEST
[  1215.512] (II) Initializing extension BIG-REQUESTS
[  1215.512] (II) Initializing extension SYNC
[  1215.512] (II) Initializing extension XKEYBOARD
[  1215.512] (II) Initializing extension XC-MISC
[  1215.512] (II) Initializing extension SECURITY
[  1215.512] (II) Initializing extension XFIXES
[  1215.512] (II) Initializing extension RENDER
[  1215.512] (II) Initializing extension RANDR
[  1215.512] (II) Initializing extension COMPOSITE
[  1215.512] (II) Initializing extension DAMAGE
[  1215.512] (II) Initializing extension MIT-SCREEN-SAVER
[  1215.512] (II) Initializing extension DOUBLE-BUFFER
[  1215.512] (II) Initializing extension RECORD
[  1215.512] (II) Initializing extension DPMS
[  1215.512] (II) Initializing extension Present
[  1215.512] (II) Initializing extension DRI3
[  1215.512] (II) Initializing extension X-Resource
[  1215.512] (II) Initializing extension XVideo
[  1215.512] (II) Initializing extension XVideo-MotionCompensation
[  1215.512] (II) Initializing extension GLX
[  1215.540] (II) AIGLX: Loaded and initialized i965
[  1215.540] (II) GLX: Initialized DRI2 GL provider for screen 0
[  1215.540] (II) Initializing extension XFree86-VidModeExtension
[  1215.540] (II) Initializing extension XFree86-DGA
[  1215.540] (II) Initializing extension XFree86-DRI
[  1215.540] (II) Initializing extension DRI2
[  1215.544] (II) intel(0): switch to mode 1366x768@60.0 on eDP1 using pipe 0, position (0, 0), rotation normal, reflection none
[  1215.560] (II) intel(0): Setting screen physical size to 361 x 203
[  1215.675] (II) config/udev: Adding input device Power Button (/dev/input/event4)
[  1215.675] (**) Power Button: Applying InputClass "libinput keyboard catchall"
[  1215.675] (II) LoadModule: "libinput"
[  1215.676] (II) Loading /usr/lib/xorg/modules/input/libinput_drv.so
[  1215.690] (II) Module libinput: vendor="X.Org Foundation"
[  1215.690] 	compiled for 1.20.13, module version = 1.2.0
[  1215.690] 	Module class: X.Org XInput Driver
[  1215.690] 	ABI class: X.Org XInput driver, version 24.1
[  1215.690] (II) Using input driver 'libinput' for 'Power Button'
[  1215.691] (II) systemd-logind: got fd for /dev/input/event4 13:68 fd 16 paused 0
[  1215.691] (**) Power Button: always reports core events
[  1215.691] (**) Option "Device" "/dev/input/event4"
[  1215.691] (**) Option "_source" "server/udev"
[  1215.704] (II) event4  - Power Button: is tagged by udev as: Keyboard
[  1215.704] (II) event4  - Power Button: device is a keyboard
[  1215.704] (II) event4  - Power Button: device removed
[  1215.704] (**) Option "config_info" "udev:/sys/devices/LNXSYSTM:00/LNXPWRBN:00/input/input4/event4"
[  1215.704] (II) XINPUT: Adding extended input device "Power Button" (type: KEYBOARD, id 6)
[  1215.706] (II) event4  - Power Button: is tagged by udev as: Keyboard
[  1215.706] (II) event4  - Power Button: device is a keyboard
[  1215.707] (II) config/udev: Adding input device Power Button (/dev/input/event1)
[  1215.707] (**) Power Button: Applying InputClass "libinput keyboard catchall"
[  1215.707] (II) Using input driver 'libinput' for 'Power Button'
[  1215.708] (II) systemd-logind: got fd for /dev/input/event1 13:65 fd 19 paused 0
[  1215.708] (**) Power Button: always reports core events
[  1215.709] (**) Option "Device" "/dev/input/event1"
[  1215.709] (**) Option "_source" "server/udev"
[  1215.710] (II) event1  - Power Button: is tagged by udev as: Keyboard
[  1215.710] (II) event1  - Power Button: device is a keyboard
[  1215.711] (II) event1  - Power Button: device removed
[  1215.711] (**) Option "config_info" "udev:/sys/devices/LNXSYSTM:00/LNXSYBUS:00/PNP0C0C:00/input/input1/event1"
[  1215.711] (II) XINPUT: Adding extended input device "Power Button" (type: KEYBOARD, id 7)
[  1215.713] (II) event1  - Power Button: is tagged by udev as: Keyboard
[  1215.713] (II) event1  - Power Button: device is a keyboard
[  1215.714] (II) config/udev: Adding input device Lid Switch (/dev/input/event0)
[  1215.714] (II) No input driver specified, ignoring this device.
[  1215.714] (II) This device may have been added with another device file.
[  1215.715] (II) config/udev: Adding input device Sleep Button (/dev/input/event2)
[  1215.715] (**) Sleep Button: Applying InputClass "libinput keyboard catchall"
[  1215.715] (II) Using input driver 'libinput' for 'Sleep Button'
[  1215.716] (II) systemd-logind: got fd for /dev/input/event2 13:66 fd 20 paused 0
[  1215.716] (**) Sleep Button: always reports core events
[  1215.716] (**) Option "Device" "/dev/input/event2"
[  1215.716] (**) Option "_source" "server/udev"
[  1215.718] (II) event2  - Sleep Button: is tagged by udev as: Keyboard
[  1215.718] (II) event2  - Sleep Button: device is a keyboard
[  1215.718] (II) event2  - Sleep Button: device removed
[  1215.718] (**) Option "config_info" "udev:/sys/devices/LNXSYSTM:00/LNXSYBUS:00/PNP0C0E:00/input/input2/event2"
[  1215.719] (II) XINPUT: Adding extended input device "Sleep Button" (type: KEYBOARD, id 8)
[  1215.720] (II) event2  - Sleep Button: is tagged by udev as: Keyboard
[  1215.721] (II) event2  - Sleep Button: device is a keyboard
[  1215.722] (II) config/udev: Adding input device Sleep Button (/dev/input/event3)
[  1215.722] (**) Sleep Button: Applying InputClass "libinput keyboard catchall"
[  1215.722] (II) Using input driver 'libinput' for 'Sleep Button'
[  1215.723] (II) systemd-logind: got fd for /dev/input/event3 13:67 fd 21 paused 0
[  1215.723] (**) Sleep Button: always reports core events
[  1215.723] (**) Option "Device" "/dev/input/event3"
[  1215.723] (**) Option "_source" "server/udev"
[  1215.725] (II) event3  - Sleep Button: is tagged by udev as: Keyboard
[  1215.725] (II) event3  - Sleep Button: device is a keyboard
[  1215.725] (II) event3  - Sleep Button: device removed
[  1215.725] (**) Option "config_info" "udev:/sys/devices/LNXSYSTM:00/LNXSYBUS:00/PNP0C0E:01/input/input3/event3"
[  1215.725] (II) XINPUT: Adding extended input device "Sleep Button" (type: KEYBOARD, id 9)
[  1215.727] (II) event3  - Sleep Button: is tagged by udev as: Keyboard
[  1215.727] (II) event3  - Sleep Button: device is a keyboard
[  1215.730] (II) config/udev: Adding input device HD WebCam: HD WebCam (/dev/input/event8)
[  1215.730] (**) HD WebCam: HD WebCam: Applying InputClass "libinput keyboard catchall"
[  1215.730] (II) Using input driver 'libinput' for 'HD WebCam: HD WebCam'
[  1215.731] (II) systemd-logind: got fd for /dev/input/event8 13:72 fd 22 paused 0
[  1215.731] (**) HD WebCam: HD WebCam: always reports core events
[  1215.731] (**) Option "Device" "/dev/input/event8"
[  1215.731] (**) Option "_source" "server/udev"
[  1215.734] (II) event8  - HD WebCam: HD WebCam: is tagged by udev as: Keyboard
[  1215.734] (II) event8  - HD WebCam: HD WebCam: device is a keyboard
[  1215.734] (II) event8  - HD WebCam: HD WebCam: device removed
[  1215.734] (**) Option "config_info" "udev:/sys/devices/pci0000:00/0000:00:14.0/usb1/1-3/1-3:1.0/input/input8/event8"
[  1215.734] (II) XINPUT: Adding extended input device "HD WebCam: HD WebCam" (type: KEYBOARD, id 10)
[  1215.737] (II) event8  - HD WebCam: HD WebCam: is tagged by udev as: Keyboard
[  1215.737] (II) event8  - HD WebCam: HD WebCam: device is a keyboard
[  1215.738] (II) config/udev: Adding input device HDA Intel PCH HDMI/DP,pcm=3 (/dev/input/event10)
[  1215.738] (II) No input driver specified, ignoring this device.
[  1215.738] (II) This device may have been added with another device file.
[  1215.739] (II) config/udev: Adding input device HDA Intel PCH HDMI/DP,pcm=7 (/dev/input/event11)
[  1215.739] (II) No input driver specified, ignoring this device.
[  1215.739] (II) This device may have been added with another device file.
[  1215.740] (II) config/udev: Adding input device chtmax98090 Headset Jack (/dev/input/event9)
[  1215.740] (II) No input driver specified, ignoring this device.
[  1215.740] (II) This device may have been added with another device file.
[  1215.741] (II) config/udev: Adding input device Elan Touchpad (/dev/input/event6)
[  1215.741] (**) Elan Touchpad: Applying InputClass "libinput touchpad catchall"
[  1215.741] (**) Elan Touchpad: Applying InputClass "touchpad overrides"
[  1215.741] (II) Using input driver 'libinput' for 'Elan Touchpad'
[  1215.742] (II) systemd-logind: got fd for /dev/input/event6 13:70 fd 23 paused 0
[  1215.742] (**) Elan Touchpad: always reports core events
[  1215.743] (**) Option "Device" "/dev/input/event6"
[  1215.743] (**) Option "_source" "server/udev"
[  1215.745] (II) event6  - Elan Touchpad: is tagged by udev as: Touchpad
[  1215.748] (II) event6  - Elan Touchpad: device is a touchpad
[  1215.748] (II) event6  - Elan Touchpad: device removed
[  1215.748] (**) Option "Tapping" "on"
[  1215.748] (**) Option "TappingButtonMap" "lmr"
[  1215.748] (**) Option "config_info" "udev:/sys/devices/platform/80860F41:00/i2c-0/i2c-ELAN0000:00/input/input6/event6"
[  1215.748] (II) XINPUT: Adding extended input device "Elan Touchpad" (type: TOUCHPAD, id 11)
[  1215.751] (**) Option "AccelerationScheme" "none"
[  1215.751] (**) Elan Touchpad: (accel) selected scheme none/0
[  1215.751] (**) Elan Touchpad: (accel) acceleration factor: 2.000
[  1215.751] (**) Elan Touchpad: (accel) acceleration threshold: 4
[  1215.753] (II) event6  - Elan Touchpad: is tagged by udev as: Touchpad
[  1215.756] (II) event6  - Elan Touchpad: device is a touchpad
[  1215.758] (II) config/udev: Adding input device Elan Touchpad (/dev/input/mouse0)
[  1215.758] (**) Elan Touchpad: Applying InputClass "touchpad overrides"
[  1215.758] (II) Using input driver 'libinput' for 'Elan Touchpad'
[  1215.758] (**) Elan Touchpad: always reports core events
[  1215.758] (**) Option "Device" "/dev/input/mouse0"
[  1215.758] (**) Option "_source" "server/udev"
[  1215.758] (EE) xf86OpenSerial: Cannot open device /dev/input/mouse0
	Permission denied.
[  1215.758] (II) mouse0: opening input device '/dev/input/mouse0' failed (Permission denied).
[  1215.758] (II) mouse0  - failed to create input device '/dev/input/mouse0'.
[  1215.758] (EE) libinput: Elan Touchpad: Failed to create a device for /dev/input/mouse0
[  1215.758] (EE) PreInit returned 2 for "Elan Touchpad"
[  1215.758] (II) UnloadModule: "libinput"
[  1215.759] (II) config/udev: Adding input device AT Translated Set 2 keyboard (/dev/input/event5)
[  1215.759] (**) AT Translated Set 2 keyboard: Applying InputClass "libinput keyboard catchall"
[  1215.759] (II) Using input driver 'libinput' for 'AT Translated Set 2 keyboard'
[  1215.761] (II) systemd-logind: got fd for /dev/input/event5 13:69 fd 24 paused 0
[  1215.761] (**) AT Translated Set 2 keyboard: always reports core events
[  1215.761] (**) Option "Device" "/dev/input/event5"
[  1215.761] (**) Option "_source" "server/udev"
[  1215.763] (II) event5  - AT Translated Set 2 keyboard: is tagged by udev as: Keyboard
[  1215.763] (II) event5  - AT Translated Set 2 keyboard: device is a keyboard
[  1215.764] (II) event5  - AT Translated Set 2 keyboard: device removed
[  1215.764] (**) Option "config_info" "udev:/sys/devices/platform/i8042/serio0/input/input5/event5"
[  1215.764] (II) XINPUT: Adding extended input device "AT Translated Set 2 keyboard" (type: KEYBOARD, id 12)
[  1215.767] (II) event5  - AT Translated Set 2 keyboard: is tagged by udev as: Keyboard
[  1215.767] (II) event5  - AT Translated Set 2 keyboard: device is a keyboard
[  1215.769] (II) config/udev: Adding input device PC Speaker (/dev/input/event7)
[  1215.769] (II) No input driver specified, ignoring this device.
[  1215.769] (II) This device may have been added with another device file.
[  1217.513] (II) intel(0): EDID vendor "CMN", prod id 4402
[  1217.513] (II) intel(0): Printing DDC gathered Modelines:
[  1217.513] (II) intel(0): Modeline "1366x768"x0.0   76.42  1366 1502 1532 1592  768 776 788 800 -hsync -vsync (48.0 kHz eP)
[  1263.224] (**) Option "fd" "16"
[  1263.224] (II) event4  - Power Button: device removed
[  1263.224] (**) Option "fd" "19"
[  1263.224] (II) event1  - Power Button: device removed
[  1263.224] (**) Option "fd" "20"
[  1263.224] (II) event2  - Sleep Button: device removed
[  1263.225] (**) Option "fd" "21"
[  1263.225] (II) event3  - Sleep Button: device removed
[  1263.225] (**) Option "fd" "22"
[  1263.225] (II) event8  - HD WebCam: HD WebCam: device removed
[  1263.225] (**) Option "fd" "23"
[  1263.225] (II) event6  - Elan Touchpad: device removed
[  1263.225] (**) Option "fd" "24"
[  1263.225] (II) event5  - AT Translated Set 2 keyboard: device removed
[  1263.226] (II) UnloadModule: "libinput"
[  1263.226] (II) systemd-logind: releasing fd for 13:69
[  1263.246] (II) UnloadModule: "libinput"
[  1263.246] (II) systemd-logind: releasing fd for 13:70
[  1263.306] (II) UnloadModule: "libinput"
[  1263.306] (II) systemd-logind: releasing fd for 13:72
[  1263.381] (II) UnloadModule: "libinput"
[  1263.382] (II) systemd-logind: releasing fd for 13:67
[  1263.406] (II) UnloadModule: "libinput"
[  1263.406] (II) systemd-logind: releasing fd for 13:66
[  1263.439] (II) UnloadModule: "libinput"
[  1263.439] (II) systemd-logind: releasing fd for 13:65
[  1263.452] (II) UnloadModule: "libinput"
[  1263.453] (II) systemd-logind: releasing fd for 13:68
[  1263.521] (II) Server terminated successfully (0). Closing log file.
